2025-02-23 18:22:30,977 INFO <BrokerConnection node_id=bootstrap-0 host=localhost:9092 <connecting> [IPv4 ('127.0.0.1', 9092)]>: connecting to localhost:9092 [('127.0.0.1', 9092) IPv4]
2025-02-23 18:22:30,977 INFO Probing node bootstrap-0 broker version
2025-02-23 18:22:30,977 INFO <BrokerConnection node_id=bootstrap-0 host=localhost:9092 <connecting> [IPv4 ('127.0.0.1', 9092)]>: Connection complete.
2025-02-23 18:22:31,081 INFO Broker version identified as 2.6.0
2025-02-23 18:22:31,081 INFO Set configuration api_version=(2, 6, 0) to skip auto check_version requests on startup
2025-02-23 18:22:31,082 WARNING group_id is None: disabling auto-commit.
2025-02-23 18:22:31,082 INFO Updating subscribed topics to: ('weather-data',)
2025-02-23 18:22:31,082 INFO Kafka Consumer started...
2025-02-23 18:22:31,086 INFO Updated partition assignment: [TopicPartition(topic='weather-data', partition=0)]
2025-02-23 18:22:31,087 INFO <BrokerConnection node_id=0 host=Nitro-ANV15-51:9092 <connecting> [IPv4 ('127.0.1.1', 9092)]>: connecting to Nitro-ANV15-51:9092 [('127.0.1.1', 9092) IPv4]
2025-02-23 18:22:31,087 INFO <BrokerConnection node_id=0 host=Nitro-ANV15-51:9092 <connecting> [IPv4 ('127.0.1.1', 9092)]>: Connection complete.
2025-02-23 18:22:31,087 INFO <BrokerConnection node_id=bootstrap-0 host=localhost:9092 <connected> [IPv4 ('127.0.0.1', 9092)]>: Closing connection. 
2025-02-23 18:22:31,226 INFO Received data: {'city': 'Winnipeg', 'temperature': 4.38, 'wind_speed': 36.98, 'humidity': 74.92, 'received_at': datetime.datetime(2025, 2, 23, 18, 22, 31, 226512)}
2025-02-23 18:22:31,228 INFO Received data: {'city': 'Vancouver', 'temperature': 1.76, 'wind_speed': 28.46, 'humidity': 47.97, 'received_at': datetime.datetime(2025, 2, 23, 18, 22, 31, 228664)}
2025-02-23 18:22:31,229 INFO Received data: {'city': 'Winnipeg', 'temperature': 4.8, 'wind_speed': 7.12, 'humidity': 37.49, 'received_at': datetime.datetime(2025, 2, 23, 18, 22, 31, 229549)}
2025-02-23 18:22:31,230 INFO Received data: {'city': 'Vancouver', 'temperature': 12.66, 'wind_speed': 14.26, 'humidity': 45.06, 'received_at': datetime.datetime(2025, 2, 23, 18, 22, 31, 230422)}
2025-02-23 18:22:31,231 INFO Received data: {'city': 'Winnipeg', 'temperature': -5.48, 'wind_speed': 47.55, 'humidity': 36.01, 'received_at': datetime.datetime(2025, 2, 23, 18, 22, 31, 231091)}
2025-02-23 18:22:31,231 INFO Received data: {'city': 'Vancouver', 'temperature': -4.63, 'wind_speed': 10.86, 'humidity': 43.81, 'received_at': datetime.datetime(2025, 2, 23, 18, 22, 31, 231649)}
2025-02-23 18:22:31,232 INFO Received data: {'city': 'Winnipeg', 'temperature': 19.55, 'wind_speed': 30.25, 'humidity': 30.61, 'received_at': datetime.datetime(2025, 2, 23, 18, 22, 31, 232215)}
2025-02-23 18:22:31,232 INFO Received data: {'city': 'Vancouver', 'temperature': 0.52, 'wind_speed': 26.87, 'humidity': 32.14, 'received_at': datetime.datetime(2025, 2, 23, 18, 22, 31, 232750)}
2025-02-23 18:22:31,233 INFO Received data: {'city': 'Winnipeg', 'temperature': -6.56, 'wind_speed': 44.18, 'humidity': 47.56, 'received_at': datetime.datetime(2025, 2, 23, 18, 22, 31, 233304)}
2025-02-23 18:22:31,233 INFO Received data: {'city': 'Vancouver', 'temperature': -1.62, 'wind_speed': 10.86, 'humidity': 71.33, 'received_at': datetime.datetime(2025, 2, 23, 18, 22, 31, 233865)}
2025-02-23 18:22:31,234 INFO Received data: {'city': 'Winnipeg', 'temperature': 2.24, 'wind_speed': 46.01, 'humidity': 73.79, 'received_at': datetime.datetime(2025, 2, 23, 18, 22, 31, 234478)}
2025-02-23 18:22:31,235 INFO Received data: {'city': 'Vancouver', 'temperature': -3.87, 'wind_speed': 15.62, 'humidity': 89.85, 'received_at': datetime.datetime(2025, 2, 23, 18, 22, 31, 235026)}
2025-02-23 18:22:31,235 INFO Received data: {'city': 'Winnipeg', 'temperature': 23.59, 'wind_speed': 28.39, 'humidity': 65.37, 'received_at': datetime.datetime(2025, 2, 23, 18, 22, 31, 235605)}
2025-02-23 18:22:31,236 INFO Received data: {'city': 'Vancouver', 'temperature': 4.66, 'wind_speed': 5.28, 'humidity': 90.17, 'received_at': datetime.datetime(2025, 2, 23, 18, 22, 31, 236145)}
2025-02-23 18:22:31,236 INFO Received data: {'city': 'Winnipeg', 'temperature': 23.28, 'wind_speed': 3.17, 'humidity': 28.74, 'received_at': datetime.datetime(2025, 2, 23, 18, 22, 31, 236728)}
2025-02-23 18:22:31,237 INFO Received data: {'city': 'Vancouver', 'temperature': 6.01, 'wind_speed': 7.94, 'humidity': 66.58, 'received_at': datetime.datetime(2025, 2, 23, 18, 22, 31, 237358)}
2025-02-23 18:22:36,048 INFO Received data: {'city': 'Winnipeg', 'temperature': -12.66, 'wind_speed': 48.55, 'humidity': 77.18, 'received_at': datetime.datetime(2025, 2, 23, 18, 22, 36, 48106)}
2025-02-23 18:22:36,051 INFO Received data: {'city': 'Vancouver', 'temperature': -9.26, 'wind_speed': 21.3, 'humidity': 85.56, 'received_at': datetime.datetime(2025, 2, 23, 18, 22, 36, 51209)}
2025-02-23 18:22:41,048 INFO Received data: {'city': 'Winnipeg', 'temperature': -26.0, 'wind_speed': 24.28, 'humidity': 24.05, 'received_at': datetime.datetime(2025, 2, 23, 18, 22, 41, 48242)}
2025-02-23 18:22:41,051 INFO Received data: {'city': 'Vancouver', 'temperature': -1.59, 'wind_speed': 13.88, 'humidity': 67.36, 'received_at': datetime.datetime(2025, 2, 23, 18, 22, 41, 51260)}
2025-02-23 18:22:46,049 INFO Received data: {'city': 'Winnipeg', 'temperature': 12.87, 'wind_speed': 19.96, 'humidity': 76.03, 'received_at': datetime.datetime(2025, 2, 23, 18, 22, 46, 49024)}
2025-02-23 18:22:46,052 INFO Received data: {'city': 'Vancouver', 'temperature': 12.64, 'wind_speed': 17.17, 'humidity': 39.63, 'received_at': datetime.datetime(2025, 2, 23, 18, 22, 46, 51933)}
2025-02-23 18:22:51,049 INFO Received data: {'city': 'Winnipeg', 'temperature': -29.81, 'wind_speed': 16.57, 'humidity': 76.3, 'received_at': datetime.datetime(2025, 2, 23, 18, 22, 51, 49243)}
2025-02-23 18:22:51,054 INFO Received data: {'city': 'Vancouver', 'temperature': 17.88, 'wind_speed': 8.4, 'humidity': 30.35, 'received_at': datetime.datetime(2025, 2, 23, 18, 22, 51, 54715)}
2025-02-23 18:22:56,050 INFO Received data: {'city': 'Winnipeg', 'temperature': -14.38, 'wind_speed': 19.58, 'humidity': 64.75, 'received_at': datetime.datetime(2025, 2, 23, 18, 22, 56, 50748)}
2025-02-23 18:22:56,055 INFO Received data: {'city': 'Vancouver', 'temperature': 24.47, 'wind_speed': 27.81, 'humidity': 76.95, 'received_at': datetime.datetime(2025, 2, 23, 18, 22, 56, 55338)}
2025-02-23 18:23:01,054 INFO Received data: {'city': 'Winnipeg', 'temperature': 0.06, 'wind_speed': 36.56, 'humidity': 70.73, 'received_at': datetime.datetime(2025, 2, 23, 18, 23, 1, 54311)}
2025-02-23 18:23:01,060 INFO Received data: {'city': 'Vancouver', 'temperature': 2.15, 'wind_speed': 7.67, 'humidity': 61.33, 'received_at': datetime.datetime(2025, 2, 23, 18, 23, 1, 60358)}
2025-02-23 18:23:06,057 INFO Received data: {'city': 'Winnipeg', 'temperature': 23.4, 'wind_speed': 4.87, 'humidity': 27.63, 'received_at': datetime.datetime(2025, 2, 23, 18, 23, 6, 57343)}
2025-02-23 18:23:06,062 INFO Received data: {'city': 'Vancouver', 'temperature': 24.99, 'wind_speed': 7.39, 'humidity': 62.69, 'received_at': datetime.datetime(2025, 2, 23, 18, 23, 6, 62882)}
2025-02-23 18:23:11,060 INFO Received data: {'city': 'Winnipeg', 'temperature': -11.87, 'wind_speed': 27.68, 'humidity': 25.7, 'received_at': datetime.datetime(2025, 2, 23, 18, 23, 11, 60714)}
2025-02-23 18:23:11,063 INFO Received data: {'city': 'Vancouver', 'temperature': 8.8, 'wind_speed': 3.17, 'humidity': 34.39, 'received_at': datetime.datetime(2025, 2, 23, 18, 23, 11, 63855)}
2025-02-23 18:23:16,062 INFO Received data: {'city': 'Winnipeg', 'temperature': -18.21, 'wind_speed': 22.69, 'humidity': 57.98, 'received_at': datetime.datetime(2025, 2, 23, 18, 23, 16, 62396)}
2025-02-23 18:23:16,065 INFO Received data: {'city': 'Vancouver', 'temperature': -8.47, 'wind_speed': 6.87, 'humidity': 66.09, 'received_at': datetime.datetime(2025, 2, 23, 18, 23, 16, 65621)}
2025-02-23 18:23:21,063 INFO Received data: {'city': 'Winnipeg', 'temperature': -19.82, 'wind_speed': 36.47, 'humidity': 29.07, 'received_at': datetime.datetime(2025, 2, 23, 18, 23, 21, 63180)}
2025-02-23 18:23:21,066 INFO Received data: {'city': 'Vancouver', 'temperature': -7.66, 'wind_speed': 29.82, 'humidity': 31.26, 'received_at': datetime.datetime(2025, 2, 23, 18, 23, 21, 66331)}
2025-02-23 18:23:26,064 INFO Received data: {'city': 'Winnipeg', 'temperature': 26.14, 'wind_speed': 2.38, 'humidity': 25.24, 'received_at': datetime.datetime(2025, 2, 23, 18, 23, 26, 64357)}
2025-02-23 18:23:26,067 INFO Received data: {'city': 'Vancouver', 'temperature': 20.9, 'wind_speed': 10.19, 'humidity': 75.68, 'received_at': datetime.datetime(2025, 2, 23, 18, 23, 26, 67511)}
2025-02-23 18:23:31,066 INFO Received data: {'city': 'Winnipeg', 'temperature': -5.22, 'wind_speed': 48.88, 'humidity': 24.15, 'received_at': datetime.datetime(2025, 2, 23, 18, 23, 31, 66058)}
2025-02-23 18:23:31,069 INFO Received data: {'city': 'Vancouver', 'temperature': 17.2, 'wind_speed': 0.76, 'humidity': 98.35, 'received_at': datetime.datetime(2025, 2, 23, 18, 23, 31, 69435)}
2025-02-23 18:23:36,067 INFO Received data: {'city': 'Winnipeg', 'temperature': 22.49, 'wind_speed': 1.87, 'humidity': 23.78, 'received_at': datetime.datetime(2025, 2, 23, 18, 23, 36, 67802)}
2025-02-23 18:23:36,070 INFO Received data: {'city': 'Vancouver', 'temperature': 18.6, 'wind_speed': 11.61, 'humidity': 83.29, 'received_at': datetime.datetime(2025, 2, 23, 18, 23, 36, 70891)}
2025-02-23 18:23:41,068 INFO Received data: {'city': 'Winnipeg', 'temperature': -0.95, 'wind_speed': 32.52, 'humidity': 77.46, 'received_at': datetime.datetime(2025, 2, 23, 18, 23, 41, 68660)}
2025-02-23 18:23:41,071 INFO Received data: {'city': 'Vancouver', 'temperature': 11.3, 'wind_speed': 13.87, 'humidity': 77.48, 'received_at': datetime.datetime(2025, 2, 23, 18, 23, 41, 71675)}
2025-02-23 18:23:46,070 INFO Received data: {'city': 'Winnipeg', 'temperature': 11.3, 'wind_speed': 17.86, 'humidity': 28.31, 'received_at': datetime.datetime(2025, 2, 23, 18, 23, 46, 70738)}
2025-02-23 18:23:46,075 INFO Received data: {'city': 'Vancouver', 'temperature': 22.27, 'wind_speed': 29.43, 'humidity': 54.44, 'received_at': datetime.datetime(2025, 2, 23, 18, 23, 46, 75045)}
2025-02-23 18:23:51,073 INFO Received data: {'city': 'Winnipeg', 'temperature': 28.55, 'wind_speed': 27.88, 'humidity': 40.23, 'received_at': datetime.datetime(2025, 2, 23, 18, 23, 51, 73556)}
2025-02-23 18:23:51,076 INFO Received data: {'city': 'Vancouver', 'temperature': 5.35, 'wind_speed': 28.24, 'humidity': 65.79, 'received_at': datetime.datetime(2025, 2, 23, 18, 23, 51, 76558)}
2025-02-23 18:23:56,075 INFO Received data: {'city': 'Winnipeg', 'temperature': 15.91, 'wind_speed': 11.48, 'humidity': 41.5, 'received_at': datetime.datetime(2025, 2, 23, 18, 23, 56, 75488)}
2025-02-23 18:23:56,078 INFO Received data: {'city': 'Vancouver', 'temperature': -0.41, 'wind_speed': 22.82, 'humidity': 58.51, 'received_at': datetime.datetime(2025, 2, 23, 18, 23, 56, 78802)}
2025-02-23 18:24:01,076 INFO Received data: {'city': 'Winnipeg', 'temperature': -13.5, 'wind_speed': 43.51, 'humidity': 57.49, 'received_at': datetime.datetime(2025, 2, 23, 18, 24, 1, 76276)}
2025-02-23 18:24:01,079 INFO Received data: {'city': 'Vancouver', 'temperature': -7.17, 'wind_speed': 28.45, 'humidity': 52.96, 'received_at': datetime.datetime(2025, 2, 23, 18, 24, 1, 79541)}
2025-02-23 18:24:06,077 INFO Received data: {'city': 'Winnipeg', 'temperature': -5.8, 'wind_speed': 36.29, 'humidity': 66.97, 'received_at': datetime.datetime(2025, 2, 23, 18, 24, 6, 77229)}
2025-02-23 18:24:06,083 INFO Received data: {'city': 'Vancouver', 'temperature': -3.67, 'wind_speed': 26.85, 'humidity': 59.29, 'received_at': datetime.datetime(2025, 2, 23, 18, 24, 6, 83172)}
2025-02-23 18:24:11,081 INFO Received data: {'city': 'Winnipeg', 'temperature': 19.8, 'wind_speed': 5.19, 'humidity': 20.1, 'received_at': datetime.datetime(2025, 2, 23, 18, 24, 11, 81344)}
2025-02-23 18:24:11,086 INFO Received data: {'city': 'Vancouver', 'temperature': 5.44, 'wind_speed': 26.65, 'humidity': 97.94, 'received_at': datetime.datetime(2025, 2, 23, 18, 24, 11, 86164)}
2025-02-23 18:24:16,085 INFO Received data: {'city': 'Winnipeg', 'temperature': -20.88, 'wind_speed': 37.66, 'humidity': 49.38, 'received_at': datetime.datetime(2025, 2, 23, 18, 24, 16, 85322)}
2025-02-23 18:24:16,088 INFO Received data: {'city': 'Vancouver', 'temperature': 16.38, 'wind_speed': 24.14, 'humidity': 57.8, 'received_at': datetime.datetime(2025, 2, 23, 18, 24, 16, 88288)}
2025-02-23 18:24:21,085 INFO Received data: {'city': 'Winnipeg', 'temperature': -14.32, 'wind_speed': 9.95, 'humidity': 44.96, 'received_at': datetime.datetime(2025, 2, 23, 18, 24, 21, 85764)}
2025-02-23 18:24:21,091 INFO Received data: {'city': 'Vancouver', 'temperature': 23.76, 'wind_speed': 14.11, 'humidity': 90.15, 'received_at': datetime.datetime(2025, 2, 23, 18, 24, 21, 91444)}
2025-02-23 18:24:26,089 INFO Received data: {'city': 'Winnipeg', 'temperature': -1.98, 'wind_speed': 21.63, 'humidity': 70.85, 'received_at': datetime.datetime(2025, 2, 23, 18, 24, 26, 89503)}
2025-02-23 18:24:26,093 INFO Received data: {'city': 'Vancouver', 'temperature': 6.99, 'wind_speed': 15.33, 'humidity': 77.6, 'received_at': datetime.datetime(2025, 2, 23, 18, 24, 26, 93059)}
2025-02-23 18:24:31,090 INFO Received data: {'city': 'Winnipeg', 'temperature': 6.96, 'wind_speed': 27.12, 'humidity': 53.66, 'received_at': datetime.datetime(2025, 2, 23, 18, 24, 31, 90542)}
2025-02-23 18:24:31,093 INFO Received data: {'city': 'Vancouver', 'temperature': 1.4, 'wind_speed': 10.0, 'humidity': 41.55, 'received_at': datetime.datetime(2025, 2, 23, 18, 24, 31, 93934)}
2025-02-23 18:24:36,092 INFO Received data: {'city': 'Winnipeg', 'temperature': -9.41, 'wind_speed': 4.15, 'humidity': 65.91, 'received_at': datetime.datetime(2025, 2, 23, 18, 24, 36, 92403)}
2025-02-23 18:24:36,095 INFO Received data: {'city': 'Vancouver', 'temperature': 7.2, 'wind_speed': 14.53, 'humidity': 39.61, 'received_at': datetime.datetime(2025, 2, 23, 18, 24, 36, 95638)}
2025-02-23 18:24:41,093 INFO Received data: {'city': 'Winnipeg', 'temperature': -13.64, 'wind_speed': 26.98, 'humidity': 26.54, 'received_at': datetime.datetime(2025, 2, 23, 18, 24, 41, 93921)}
2025-02-23 18:24:41,097 INFO Received data: {'city': 'Vancouver', 'temperature': 9.87, 'wind_speed': 21.96, 'humidity': 62.01, 'received_at': datetime.datetime(2025, 2, 23, 18, 24, 41, 97125)}
2025-02-23 18:24:46,095 INFO Received data: {'city': 'Winnipeg', 'temperature': 26.65, 'wind_speed': 42.82, 'humidity': 53.93, 'received_at': datetime.datetime(2025, 2, 23, 18, 24, 46, 95519)}
2025-02-23 18:24:46,098 INFO Received data: {'city': 'Vancouver', 'temperature': 9.68, 'wind_speed': 25.99, 'humidity': 75.77, 'received_at': datetime.datetime(2025, 2, 23, 18, 24, 46, 98746)}
2025-02-23 18:24:51,095 INFO Received data: {'city': 'Winnipeg', 'temperature': -14.31, 'wind_speed': 23.84, 'humidity': 70.09, 'received_at': datetime.datetime(2025, 2, 23, 18, 24, 51, 95362)}
2025-02-23 18:24:51,099 INFO Received data: {'city': 'Vancouver', 'temperature': 1.92, 'wind_speed': 13.8, 'humidity': 37.85, 'received_at': datetime.datetime(2025, 2, 23, 18, 24, 51, 99401)}
2025-02-23 18:24:56,101 INFO Received data: {'city': 'Winnipeg', 'temperature': 10.52, 'wind_speed': 22.65, 'humidity': 49.48, 'received_at': datetime.datetime(2025, 2, 23, 18, 24, 56, 101418)}
2025-02-23 18:24:56,104 INFO Received data: {'city': 'Vancouver', 'temperature': -4.42, 'wind_speed': 22.59, 'humidity': 81.83, 'received_at': datetime.datetime(2025, 2, 23, 18, 24, 56, 104561)}
2025-02-23 18:25:01,101 INFO Received data: {'city': 'Winnipeg', 'temperature': 28.29, 'wind_speed': 1.77, 'humidity': 54.31, 'received_at': datetime.datetime(2025, 2, 23, 18, 25, 1, 101296)}
2025-02-23 18:25:01,104 INFO Received data: {'city': 'Vancouver', 'temperature': 3.05, 'wind_speed': 15.21, 'humidity': 95.92, 'received_at': datetime.datetime(2025, 2, 23, 18, 25, 1, 104427)}
2025-02-23 18:25:06,102 INFO Received data: {'city': 'Winnipeg', 'temperature': 3.28, 'wind_speed': 22.55, 'humidity': 53.68, 'received_at': datetime.datetime(2025, 2, 23, 18, 25, 6, 102848)}
2025-02-23 18:25:06,106 INFO Received data: {'city': 'Vancouver', 'temperature': -7.28, 'wind_speed': 5.82, 'humidity': 33.71, 'received_at': datetime.datetime(2025, 2, 23, 18, 25, 6, 106091)}
2025-02-23 18:25:11,105 INFO Received data: {'city': 'Winnipeg', 'temperature': 9.84, 'wind_speed': 30.32, 'humidity': 70.92, 'received_at': datetime.datetime(2025, 2, 23, 18, 25, 11, 105531)}
2025-02-23 18:25:11,108 INFO Received data: {'city': 'Vancouver', 'temperature': 6.69, 'wind_speed': 18.03, 'humidity': 63.65, 'received_at': datetime.datetime(2025, 2, 23, 18, 25, 11, 108896)}
2025-02-23 18:25:16,106 INFO Received data: {'city': 'Winnipeg', 'temperature': 10.7, 'wind_speed': 24.16, 'humidity': 71.67, 'received_at': datetime.datetime(2025, 2, 23, 18, 25, 16, 106793)}
2025-02-23 18:25:16,109 INFO Received data: {'city': 'Vancouver', 'temperature': 4.47, 'wind_speed': 0.52, 'humidity': 37.95, 'received_at': datetime.datetime(2025, 2, 23, 18, 25, 16, 109029)}
2025-02-23 18:25:21,108 INFO Received data: {'city': 'Winnipeg', 'temperature': -18.09, 'wind_speed': 39.94, 'humidity': 25.52, 'received_at': datetime.datetime(2025, 2, 23, 18, 25, 21, 108698)}
2025-02-23 18:25:21,111 INFO Received data: {'city': 'Vancouver', 'temperature': 1.53, 'wind_speed': 10.58, 'humidity': 60.4, 'received_at': datetime.datetime(2025, 2, 23, 18, 25, 21, 111912)}
2025-02-23 18:25:26,110 INFO Received data: {'city': 'Winnipeg', 'temperature': -24.63, 'wind_speed': 2.6, 'humidity': 35.76, 'received_at': datetime.datetime(2025, 2, 23, 18, 25, 26, 110072)}
2025-02-23 18:25:26,115 INFO Received data: {'city': 'Vancouver', 'temperature': 0.88, 'wind_speed': 9.2, 'humidity': 50.84, 'received_at': datetime.datetime(2025, 2, 23, 18, 25, 26, 115904)}
2025-02-23 18:25:31,114 INFO Received data: {'city': 'Winnipeg', 'temperature': -7.98, 'wind_speed': 46.66, 'humidity': 23.7, 'received_at': datetime.datetime(2025, 2, 23, 18, 25, 31, 114871)}
2025-02-23 18:25:31,118 INFO Received data: {'city': 'Vancouver', 'temperature': 4.73, 'wind_speed': 20.86, 'humidity': 59.06, 'received_at': datetime.datetime(2025, 2, 23, 18, 25, 31, 118199)}
2025-02-23 18:25:36,115 INFO Received data: {'city': 'Winnipeg', 'temperature': -21.03, 'wind_speed': 37.67, 'humidity': 46.4, 'received_at': datetime.datetime(2025, 2, 23, 18, 25, 36, 115735)}
2025-02-23 18:25:36,119 INFO Received data: {'city': 'Vancouver', 'temperature': 22.13, 'wind_speed': 17.91, 'humidity': 55.21, 'received_at': datetime.datetime(2025, 2, 23, 18, 25, 36, 119038)}
2025-02-23 18:25:41,117 INFO Received data: {'city': 'Winnipeg', 'temperature': -7.92, 'wind_speed': 5.69, 'humidity': 25.69, 'received_at': datetime.datetime(2025, 2, 23, 18, 25, 41, 117919)}
2025-02-23 18:25:41,121 INFO Received data: {'city': 'Vancouver', 'temperature': 16.6, 'wind_speed': 14.85, 'humidity': 69.76, 'received_at': datetime.datetime(2025, 2, 23, 18, 25, 41, 121229)}
2025-02-23 18:25:46,119 INFO Received data: {'city': 'Winnipeg', 'temperature': -17.57, 'wind_speed': 48.91, 'humidity': 29.89, 'received_at': datetime.datetime(2025, 2, 23, 18, 25, 46, 119227)}
2025-02-23 18:25:46,122 INFO Received data: {'city': 'Vancouver', 'temperature': -0.24, 'wind_speed': 20.25, 'humidity': 76.05, 'received_at': datetime.datetime(2025, 2, 23, 18, 25, 46, 122528)}
2025-02-23 18:25:51,121 INFO Received data: {'city': 'Winnipeg', 'temperature': 0.2, 'wind_speed': 42.38, 'humidity': 53.72, 'received_at': datetime.datetime(2025, 2, 23, 18, 25, 51, 120970)}
2025-02-23 18:25:51,124 INFO Received data: {'city': 'Vancouver', 'temperature': 15.9, 'wind_speed': 5.67, 'humidity': 65.17, 'received_at': datetime.datetime(2025, 2, 23, 18, 25, 51, 124252)}
2025-02-23 18:25:56,122 INFO Received data: {'city': 'Winnipeg', 'temperature': -25.28, 'wind_speed': 3.19, 'humidity': 22.34, 'received_at': datetime.datetime(2025, 2, 23, 18, 25, 56, 122848)}
2025-02-23 18:25:56,126 INFO Received data: {'city': 'Vancouver', 'temperature': 14.01, 'wind_speed': 25.93, 'humidity': 43.54, 'received_at': datetime.datetime(2025, 2, 23, 18, 25, 56, 126032)}
2025-02-23 18:26:01,124 INFO Received data: {'city': 'Winnipeg', 'temperature': -16.11, 'wind_speed': 46.84, 'humidity': 44.87, 'received_at': datetime.datetime(2025, 2, 23, 18, 26, 1, 124696)}
2025-02-23 18:26:01,127 INFO Received data: {'city': 'Vancouver', 'temperature': 12.42, 'wind_speed': 12.18, 'humidity': 49.35, 'received_at': datetime.datetime(2025, 2, 23, 18, 26, 1, 127914)}
2025-02-23 18:26:06,125 INFO Received data: {'city': 'Winnipeg', 'temperature': -20.65, 'wind_speed': 39.66, 'humidity': 53.98, 'received_at': datetime.datetime(2025, 2, 23, 18, 26, 6, 125732)}
2025-02-23 18:26:06,128 INFO Received data: {'city': 'Vancouver', 'temperature': 16.69, 'wind_speed': 14.31, 'humidity': 98.09, 'received_at': datetime.datetime(2025, 2, 23, 18, 26, 6, 128852)}
2025-02-23 18:26:11,128 INFO Received data: {'city': 'Winnipeg', 'temperature': 15.78, 'wind_speed': 37.04, 'humidity': 77.84, 'received_at': datetime.datetime(2025, 2, 23, 18, 26, 11, 128013)}
2025-02-23 18:26:11,131 INFO Received data: {'city': 'Vancouver', 'temperature': 1.05, 'wind_speed': 5.05, 'humidity': 52.27, 'received_at': datetime.datetime(2025, 2, 23, 18, 26, 11, 131624)}
2025-02-23 18:26:16,129 INFO Received data: {'city': 'Winnipeg', 'temperature': 26.27, 'wind_speed': 31.86, 'humidity': 62.46, 'received_at': datetime.datetime(2025, 2, 23, 18, 26, 16, 129475)}
2025-02-23 18:26:16,132 INFO Received data: {'city': 'Vancouver', 'temperature': 22.21, 'wind_speed': 19.15, 'humidity': 33.74, 'received_at': datetime.datetime(2025, 2, 23, 18, 26, 16, 132737)}
2025-02-23 18:26:21,130 INFO Received data: {'city': 'Winnipeg', 'temperature': 22.63, 'wind_speed': 6.3, 'humidity': 28.4, 'received_at': datetime.datetime(2025, 2, 23, 18, 26, 21, 130100)}
2025-02-23 18:26:21,136 INFO Received data: {'city': 'Vancouver', 'temperature': 8.07, 'wind_speed': 29.58, 'humidity': 42.29, 'received_at': datetime.datetime(2025, 2, 23, 18, 26, 21, 136054)}
2025-02-23 18:26:26,134 INFO Received data: {'city': 'Winnipeg', 'temperature': -8.96, 'wind_speed': 0.36, 'humidity': 43.59, 'received_at': datetime.datetime(2025, 2, 23, 18, 26, 26, 134007)}
2025-02-23 18:26:26,137 INFO Received data: {'city': 'Vancouver', 'temperature': 16.36, 'wind_speed': 23.42, 'humidity': 74.25, 'received_at': datetime.datetime(2025, 2, 23, 18, 26, 26, 137266)}
2025-02-23 18:26:31,135 INFO Received data: {'city': 'Winnipeg', 'temperature': 16.37, 'wind_speed': 3.12, 'humidity': 67.77, 'received_at': datetime.datetime(2025, 2, 23, 18, 26, 31, 135906)}
2025-02-23 18:26:31,139 INFO Received data: {'city': 'Vancouver', 'temperature': -3.53, 'wind_speed': 4.42, 'humidity': 81.29, 'received_at': datetime.datetime(2025, 2, 23, 18, 26, 31, 139031)}
2025-02-23 18:26:36,137 INFO Received data: {'city': 'Winnipeg', 'temperature': -6.0, 'wind_speed': 15.09, 'humidity': 31.11, 'received_at': datetime.datetime(2025, 2, 23, 18, 26, 36, 137559)}
2025-02-23 18:26:36,140 INFO Received data: {'city': 'Vancouver', 'temperature': 16.85, 'wind_speed': 27.24, 'humidity': 83.5, 'received_at': datetime.datetime(2025, 2, 23, 18, 26, 36, 140678)}
2025-02-23 18:26:41,140 INFO Received data: {'city': 'Winnipeg', 'temperature': -26.35, 'wind_speed': 34.79, 'humidity': 60.78, 'received_at': datetime.datetime(2025, 2, 23, 18, 26, 41, 140259)}
2025-02-23 18:26:41,143 INFO Received data: {'city': 'Vancouver', 'temperature': 12.22, 'wind_speed': 24.47, 'humidity': 36.54, 'received_at': datetime.datetime(2025, 2, 23, 18, 26, 41, 143343)}
2025-02-23 18:26:46,140 INFO Received data: {'city': 'Winnipeg', 'temperature': 22.89, 'wind_speed': 10.82, 'humidity': 35.46, 'received_at': datetime.datetime(2025, 2, 23, 18, 26, 46, 140351)}
2025-02-23 18:26:46,143 INFO Received data: {'city': 'Vancouver', 'temperature': 3.92, 'wind_speed': 13.21, 'humidity': 62.24, 'received_at': datetime.datetime(2025, 2, 23, 18, 26, 46, 143530)}
2025-02-23 18:26:51,141 INFO Received data: {'city': 'Winnipeg', 'temperature': -26.71, 'wind_speed': 1.44, 'humidity': 42.18, 'received_at': datetime.datetime(2025, 2, 23, 18, 26, 51, 141896)}
2025-02-23 18:26:51,145 INFO Received data: {'city': 'Vancouver', 'temperature': 1.9, 'wind_speed': 1.05, 'humidity': 78.41, 'received_at': datetime.datetime(2025, 2, 23, 18, 26, 51, 145199)}
2025-02-23 18:26:56,143 INFO Received data: {'city': 'Winnipeg', 'temperature': 5.08, 'wind_speed': 36.24, 'humidity': 76.66, 'received_at': datetime.datetime(2025, 2, 23, 18, 26, 56, 143439)}
2025-02-23 18:26:56,146 INFO Received data: {'city': 'Vancouver', 'temperature': -6.38, 'wind_speed': 15.69, 'humidity': 90.47, 'received_at': datetime.datetime(2025, 2, 23, 18, 26, 56, 146798)}
2025-02-23 18:27:01,146 INFO Received data: {'city': 'Winnipeg', 'temperature': -13.82, 'wind_speed': 17.32, 'humidity': 56.52, 'received_at': datetime.datetime(2025, 2, 23, 18, 27, 1, 146651)}
2025-02-23 18:27:01,150 INFO Received data: {'city': 'Vancouver', 'temperature': -0.2, 'wind_speed': 28.37, 'humidity': 67.58, 'received_at': datetime.datetime(2025, 2, 23, 18, 27, 1, 150064)}
2025-02-23 18:27:06,147 INFO Received data: {'city': 'Winnipeg', 'temperature': 26.12, 'wind_speed': 11.61, 'humidity': 20.64, 'received_at': datetime.datetime(2025, 2, 23, 18, 27, 6, 147615)}
2025-02-23 18:27:06,150 INFO Received data: {'city': 'Vancouver', 'temperature': -9.58, 'wind_speed': 21.44, 'humidity': 84.56, 'received_at': datetime.datetime(2025, 2, 23, 18, 27, 6, 150683)}
2025-02-23 18:27:11,148 INFO Received data: {'city': 'Winnipeg', 'temperature': -26.07, 'wind_speed': 30.07, 'humidity': 45.5, 'received_at': datetime.datetime(2025, 2, 23, 18, 27, 11, 148507)}
2025-02-23 18:27:11,151 INFO Received data: {'city': 'Vancouver', 'temperature': -4.18, 'wind_speed': 26.32, 'humidity': 32.23, 'received_at': datetime.datetime(2025, 2, 23, 18, 27, 11, 151653)}
2025-02-23 18:27:16,150 INFO Received data: {'city': 'Winnipeg', 'temperature': 2.68, 'wind_speed': 6.72, 'humidity': 25.7, 'received_at': datetime.datetime(2025, 2, 23, 18, 27, 16, 150185)}
2025-02-23 18:27:16,153 INFO Received data: {'city': 'Vancouver', 'temperature': 17.78, 'wind_speed': 16.07, 'humidity': 37.92, 'received_at': datetime.datetime(2025, 2, 23, 18, 27, 16, 153420)}
2025-02-23 18:27:21,151 INFO Received data: {'city': 'Winnipeg', 'temperature': 27.85, 'wind_speed': 1.12, 'humidity': 69.8, 'received_at': datetime.datetime(2025, 2, 23, 18, 27, 21, 151804)}
2025-02-23 18:27:21,155 INFO Received data: {'city': 'Vancouver', 'temperature': 5.99, 'wind_speed': 22.67, 'humidity': 97.64, 'received_at': datetime.datetime(2025, 2, 23, 18, 27, 21, 155168)}
2025-02-23 18:27:26,153 INFO Received data: {'city': 'Winnipeg', 'temperature': -3.78, 'wind_speed': 11.43, 'humidity': 57.2, 'received_at': datetime.datetime(2025, 2, 23, 18, 27, 26, 153684)}
2025-02-23 18:27:26,157 INFO Received data: {'city': 'Vancouver', 'temperature': 21.89, 'wind_speed': 11.46, 'humidity': 64.42, 'received_at': datetime.datetime(2025, 2, 23, 18, 27, 26, 157025)}
2025-02-23 18:27:31,149 INFO Received data: {'city': 'Winnipeg', 'temperature': 4.76, 'wind_speed': 29.14, 'humidity': 25.4, 'received_at': datetime.datetime(2025, 2, 23, 18, 27, 31, 149426)}
2025-02-23 18:27:31,151 INFO Received data: {'city': 'Vancouver', 'temperature': -0.2, 'wind_speed': 0.96, 'humidity': 62.37, 'received_at': datetime.datetime(2025, 2, 23, 18, 27, 31, 151926)}
2025-02-23 18:27:36,150 INFO Received data: {'city': 'Winnipeg', 'temperature': -18.31, 'wind_speed': 36.68, 'humidity': 73.85, 'received_at': datetime.datetime(2025, 2, 23, 18, 27, 36, 150706)}
2025-02-23 18:27:36,153 INFO Received data: {'city': 'Vancouver', 'temperature': 22.73, 'wind_speed': 16.14, 'humidity': 45.58, 'received_at': datetime.datetime(2025, 2, 23, 18, 27, 36, 153517)}
2025-02-23 18:27:41,152 INFO Received data: {'city': 'Winnipeg', 'temperature': 13.97, 'wind_speed': 5.03, 'humidity': 46.7, 'received_at': datetime.datetime(2025, 2, 23, 18, 27, 41, 152907)}
2025-02-23 18:27:41,156 INFO Received data: {'city': 'Vancouver', 'temperature': 19.42, 'wind_speed': 16.64, 'humidity': 49.31, 'received_at': datetime.datetime(2025, 2, 23, 18, 27, 41, 156007)}
2025-02-23 18:27:46,157 INFO Received data: {'city': 'Winnipeg', 'temperature': -22.54, 'wind_speed': 49.73, 'humidity': 79.57, 'received_at': datetime.datetime(2025, 2, 23, 18, 27, 46, 157634)}
2025-02-23 18:27:46,161 INFO Received data: {'city': 'Vancouver', 'temperature': 4.06, 'wind_speed': 22.62, 'humidity': 81.9, 'received_at': datetime.datetime(2025, 2, 23, 18, 27, 46, 160943)}
2025-02-23 18:27:51,159 INFO Received data: {'city': 'Winnipeg', 'temperature': -28.8, 'wind_speed': 23.77, 'humidity': 52.68, 'received_at': datetime.datetime(2025, 2, 23, 18, 27, 51, 158962)}
2025-02-23 18:27:51,160 INFO Received data: {'city': 'Vancouver', 'temperature': -5.71, 'wind_speed': 29.82, 'humidity': 86.2, 'received_at': datetime.datetime(2025, 2, 23, 18, 27, 51, 160269)}
2025-02-23 18:27:56,159 INFO Received data: {'city': 'Winnipeg', 'temperature': 16.06, 'wind_speed': 24.66, 'humidity': 36.82, 'received_at': datetime.datetime(2025, 2, 23, 18, 27, 56, 159360)}
2025-02-23 18:27:56,162 INFO Received data: {'city': 'Vancouver', 'temperature': -1.54, 'wind_speed': 17.91, 'humidity': 34.05, 'received_at': datetime.datetime(2025, 2, 23, 18, 27, 56, 162487)}
2025-02-23 18:28:01,162 INFO Received data: {'city': 'Winnipeg', 'temperature': -6.57, 'wind_speed': 11.38, 'humidity': 61.72, 'received_at': datetime.datetime(2025, 2, 23, 18, 28, 1, 162364)}
2025-02-23 18:28:01,165 INFO Received data: {'city': 'Vancouver', 'temperature': 19.25, 'wind_speed': 12.66, 'humidity': 79.03, 'received_at': datetime.datetime(2025, 2, 23, 18, 28, 1, 165652)}
2025-02-23 18:28:06,163 INFO Received data: {'city': 'Winnipeg', 'temperature': -29.69, 'wind_speed': 27.48, 'humidity': 27.19, 'received_at': datetime.datetime(2025, 2, 23, 18, 28, 6, 163676)}
2025-02-23 18:28:06,167 INFO Received data: {'city': 'Vancouver', 'temperature': 13.61, 'wind_speed': 3.44, 'humidity': 74.2, 'received_at': datetime.datetime(2025, 2, 23, 18, 28, 6, 167008)}
2025-02-23 18:28:11,166 INFO Received data: {'city': 'Winnipeg', 'temperature': -22.99, 'wind_speed': 43.47, 'humidity': 64.56, 'received_at': datetime.datetime(2025, 2, 23, 18, 28, 11, 166082)}
2025-02-23 18:28:11,169 INFO Received data: {'city': 'Vancouver', 'temperature': 2.73, 'wind_speed': 8.83, 'humidity': 47.69, 'received_at': datetime.datetime(2025, 2, 23, 18, 28, 11, 169231)}
2025-02-23 18:28:16,167 INFO Received data: {'city': 'Winnipeg', 'temperature': -23.92, 'wind_speed': 15.82, 'humidity': 34.4, 'received_at': datetime.datetime(2025, 2, 23, 18, 28, 16, 167153)}
2025-02-23 18:28:16,172 INFO Received data: {'city': 'Vancouver', 'temperature': 16.08, 'wind_speed': 13.64, 'humidity': 55.63, 'received_at': datetime.datetime(2025, 2, 23, 18, 28, 16, 172935)}
2025-02-23 18:28:21,172 INFO Received data: {'city': 'Winnipeg', 'temperature': -26.46, 'wind_speed': 34.46, 'humidity': 42.26, 'received_at': datetime.datetime(2025, 2, 23, 18, 28, 21, 172179)}
2025-02-23 18:28:21,175 INFO Received data: {'city': 'Vancouver', 'temperature': 23.64, 'wind_speed': 11.52, 'humidity': 39.52, 'received_at': datetime.datetime(2025, 2, 23, 18, 28, 21, 175300)}
2025-02-23 18:28:26,169 INFO Received data: {'city': 'Winnipeg', 'temperature': -3.28, 'wind_speed': 4.58, 'humidity': 75.37, 'received_at': datetime.datetime(2025, 2, 23, 18, 28, 26, 169344)}
2025-02-23 18:28:26,174 INFO Received data: {'city': 'Vancouver', 'temperature': -5.51, 'wind_speed': 24.87, 'humidity': 93.01, 'received_at': datetime.datetime(2025, 2, 23, 18, 28, 26, 174686)}
2025-02-23 18:28:31,174 INFO Received data: {'city': 'Winnipeg', 'temperature': -15.67, 'wind_speed': 9.0, 'humidity': 31.99, 'received_at': datetime.datetime(2025, 2, 23, 18, 28, 31, 174016)}
2025-02-23 18:28:31,177 INFO Received data: {'city': 'Vancouver', 'temperature': -3.92, 'wind_speed': 7.01, 'humidity': 44.08, 'received_at': datetime.datetime(2025, 2, 23, 18, 28, 31, 177619)}
2025-02-23 18:28:36,175 INFO Received data: {'city': 'Winnipeg', 'temperature': 0.13, 'wind_speed': 24.81, 'humidity': 27.25, 'received_at': datetime.datetime(2025, 2, 23, 18, 28, 36, 175614)}
2025-02-23 18:28:36,181 INFO Received data: {'city': 'Vancouver', 'temperature': 16.57, 'wind_speed': 27.66, 'humidity': 88.61, 'received_at': datetime.datetime(2025, 2, 23, 18, 28, 36, 181139)}
2025-02-23 18:28:41,180 INFO Received data: {'city': 'Winnipeg', 'temperature': 12.57, 'wind_speed': 46.71, 'humidity': 31.69, 'received_at': datetime.datetime(2025, 2, 23, 18, 28, 41, 180156)}
2025-02-23 18:28:41,183 INFO Received data: {'city': 'Vancouver', 'temperature': -8.08, 'wind_speed': 4.8, 'humidity': 59.92, 'received_at': datetime.datetime(2025, 2, 23, 18, 28, 41, 183308)}
2025-02-23 18:28:46,182 INFO Received data: {'city': 'Winnipeg', 'temperature': -6.67, 'wind_speed': 30.26, 'humidity': 71.11, 'received_at': datetime.datetime(2025, 2, 23, 18, 28, 46, 182523)}
2025-02-23 18:28:46,185 INFO Received data: {'city': 'Vancouver', 'temperature': -3.21, 'wind_speed': 28.25, 'humidity': 81.09, 'received_at': datetime.datetime(2025, 2, 23, 18, 28, 46, 185725)}
2025-02-23 18:28:51,184 INFO Received data: {'city': 'Winnipeg', 'temperature': -15.23, 'wind_speed': 4.92, 'humidity': 71.76, 'received_at': datetime.datetime(2025, 2, 23, 18, 28, 51, 184434)}
2025-02-23 18:28:51,190 INFO Received data: {'city': 'Vancouver', 'temperature': -4.15, 'wind_speed': 2.59, 'humidity': 33.5, 'received_at': datetime.datetime(2025, 2, 23, 18, 28, 51, 190246)}
2025-02-23 18:28:56,188 INFO Received data: {'city': 'Winnipeg', 'temperature': -6.97, 'wind_speed': 20.01, 'humidity': 40.38, 'received_at': datetime.datetime(2025, 2, 23, 18, 28, 56, 188219)}
2025-02-23 18:28:56,189 INFO Received data: {'city': 'Vancouver', 'temperature': 16.21, 'wind_speed': 13.1, 'humidity': 60.07, 'received_at': datetime.datetime(2025, 2, 23, 18, 28, 56, 189603)}
2025-02-23 18:29:01,190 INFO Received data: {'city': 'Winnipeg', 'temperature': 9.62, 'wind_speed': 31.71, 'humidity': 74.45, 'received_at': datetime.datetime(2025, 2, 23, 18, 29, 1, 190608)}
2025-02-23 18:29:01,194 INFO Received data: {'city': 'Vancouver', 'temperature': 12.13, 'wind_speed': 4.52, 'humidity': 42.52, 'received_at': datetime.datetime(2025, 2, 23, 18, 29, 1, 194289)}
2025-02-23 18:29:06,193 INFO Received data: {'city': 'Winnipeg', 'temperature': -24.16, 'wind_speed': 38.41, 'humidity': 21.65, 'received_at': datetime.datetime(2025, 2, 23, 18, 29, 6, 193119)}
2025-02-23 18:29:06,196 INFO Received data: {'city': 'Vancouver', 'temperature': 7.49, 'wind_speed': 6.35, 'humidity': 39.83, 'received_at': datetime.datetime(2025, 2, 23, 18, 29, 6, 196417)}
2025-02-23 18:29:11,193 INFO Received data: {'city': 'Winnipeg', 'temperature': 24.39, 'wind_speed': 27.64, 'humidity': 57.09, 'received_at': datetime.datetime(2025, 2, 23, 18, 29, 11, 193673)}
2025-02-23 18:29:11,197 INFO Received data: {'city': 'Vancouver', 'temperature': 3.29, 'wind_speed': 15.74, 'humidity': 48.79, 'received_at': datetime.datetime(2025, 2, 23, 18, 29, 11, 196947)}
2025-02-23 18:29:16,197 INFO Received data: {'city': 'Winnipeg', 'temperature': -25.56, 'wind_speed': 12.87, 'humidity': 48.79, 'received_at': datetime.datetime(2025, 2, 23, 18, 29, 16, 197296)}
2025-02-23 18:29:16,198 INFO Received data: {'city': 'Vancouver', 'temperature': 17.99, 'wind_speed': 22.16, 'humidity': 94.48, 'received_at': datetime.datetime(2025, 2, 23, 18, 29, 16, 198907)}
2025-02-23 18:29:21,195 INFO Received data: {'city': 'Winnipeg', 'temperature': 9.35, 'wind_speed': 41.64, 'humidity': 53.82, 'received_at': datetime.datetime(2025, 2, 23, 18, 29, 21, 195888)}
2025-02-23 18:29:21,198 INFO Received data: {'city': 'Vancouver', 'temperature': 19.34, 'wind_speed': 20.11, 'humidity': 87.1, 'received_at': datetime.datetime(2025, 2, 23, 18, 29, 21, 198041)}
2025-02-23 18:29:26,196 INFO Received data: {'city': 'Winnipeg', 'temperature': -19.97, 'wind_speed': 12.1, 'humidity': 30.22, 'received_at': datetime.datetime(2025, 2, 23, 18, 29, 26, 196792)}
2025-02-23 18:29:26,199 INFO Received data: {'city': 'Vancouver', 'temperature': 22.85, 'wind_speed': 23.55, 'humidity': 83.3, 'received_at': datetime.datetime(2025, 2, 23, 18, 29, 26, 199679)}
2025-02-23 18:29:31,199 INFO Received data: {'city': 'Winnipeg', 'temperature': 1.6, 'wind_speed': 40.04, 'humidity': 34.42, 'received_at': datetime.datetime(2025, 2, 23, 18, 29, 31, 199041)}
2025-02-23 18:29:31,202 INFO Received data: {'city': 'Vancouver', 'temperature': 5.57, 'wind_speed': 28.95, 'humidity': 46.32, 'received_at': datetime.datetime(2025, 2, 23, 18, 29, 31, 202166)}
2025-02-23 18:29:36,199 INFO Received data: {'city': 'Winnipeg', 'temperature': 11.62, 'wind_speed': 44.43, 'humidity': 45.68, 'received_at': datetime.datetime(2025, 2, 23, 18, 29, 36, 199044)}
2025-02-23 18:29:36,202 INFO Received data: {'city': 'Vancouver', 'temperature': 19.54, 'wind_speed': 5.7, 'humidity': 39.49, 'received_at': datetime.datetime(2025, 2, 23, 18, 29, 36, 202011)}
2025-02-23 18:29:41,198 INFO Received data: {'city': 'Winnipeg', 'temperature': -11.49, 'wind_speed': 9.57, 'humidity': 64.71, 'received_at': datetime.datetime(2025, 2, 23, 18, 29, 41, 198363)}
2025-02-23 18:29:41,201 INFO Received data: {'city': 'Vancouver', 'temperature': 1.35, 'wind_speed': 2.04, 'humidity': 84.53, 'received_at': datetime.datetime(2025, 2, 23, 18, 29, 41, 201076)}
2025-02-23 18:29:46,202 INFO Received data: {'city': 'Winnipeg', 'temperature': -15.47, 'wind_speed': 7.49, 'humidity': 33.29, 'received_at': datetime.datetime(2025, 2, 23, 18, 29, 46, 202521)}
2025-02-23 18:29:46,205 INFO Received data: {'city': 'Vancouver', 'temperature': 24.3, 'wind_speed': 16.33, 'humidity': 92.89, 'received_at': datetime.datetime(2025, 2, 23, 18, 29, 46, 205658)}
2025-02-23 18:29:51,204 INFO Received data: {'city': 'Winnipeg', 'temperature': 16.97, 'wind_speed': 26.73, 'humidity': 44.17, 'received_at': datetime.datetime(2025, 2, 23, 18, 29, 51, 204815)}
2025-02-23 18:29:51,208 INFO Received data: {'city': 'Vancouver', 'temperature': 21.61, 'wind_speed': 7.64, 'humidity': 61.14, 'received_at': datetime.datetime(2025, 2, 23, 18, 29, 51, 207984)}
2025-02-23 18:29:56,206 INFO Received data: {'city': 'Winnipeg', 'temperature': -13.14, 'wind_speed': 7.78, 'humidity': 45.95, 'received_at': datetime.datetime(2025, 2, 23, 18, 29, 56, 206163)}
2025-02-23 18:29:56,209 INFO Received data: {'city': 'Vancouver', 'temperature': 16.98, 'wind_speed': 10.64, 'humidity': 36.86, 'received_at': datetime.datetime(2025, 2, 23, 18, 29, 56, 209155)}
2025-02-23 18:30:01,208 INFO Received data: {'city': 'Winnipeg', 'temperature': -2.47, 'wind_speed': 43.21, 'humidity': 65.81, 'received_at': datetime.datetime(2025, 2, 23, 18, 30, 1, 208313)}
2025-02-23 18:30:01,211 INFO Received data: {'city': 'Vancouver', 'temperature': -8.7, 'wind_speed': 0.74, 'humidity': 61.87, 'received_at': datetime.datetime(2025, 2, 23, 18, 30, 1, 211430)}
2025-02-23 18:30:06,207 INFO Received data: {'city': 'Winnipeg', 'temperature': 13.79, 'wind_speed': 0.67, 'humidity': 51.23, 'received_at': datetime.datetime(2025, 2, 23, 18, 30, 6, 207227)}
2025-02-23 18:30:06,210 INFO Received data: {'city': 'Vancouver', 'temperature': 20.85, 'wind_speed': 1.37, 'humidity': 45.95, 'received_at': datetime.datetime(2025, 2, 23, 18, 30, 6, 210207)}
2025-02-23 18:30:11,210 INFO Received data: {'city': 'Winnipeg', 'temperature': -25.81, 'wind_speed': 44.27, 'humidity': 48.04, 'received_at': datetime.datetime(2025, 2, 23, 18, 30, 11, 210143)}
2025-02-23 18:30:11,213 INFO Received data: {'city': 'Vancouver', 'temperature': 16.01, 'wind_speed': 27.26, 'humidity': 72.69, 'received_at': datetime.datetime(2025, 2, 23, 18, 30, 11, 213102)}
2025-02-23 18:30:16,207 INFO Received data: {'city': 'Winnipeg', 'temperature': -12.81, 'wind_speed': 25.47, 'humidity': 23.32, 'received_at': datetime.datetime(2025, 2, 23, 18, 30, 16, 207237)}
2025-02-23 18:30:16,208 INFO Received data: {'city': 'Vancouver', 'temperature': 4.04, 'wind_speed': 13.8, 'humidity': 80.22, 'received_at': datetime.datetime(2025, 2, 23, 18, 30, 16, 208771)}
2025-02-23 18:30:21,212 INFO Received data: {'city': 'Winnipeg', 'temperature': -26.82, 'wind_speed': 27.02, 'humidity': 67.44, 'received_at': datetime.datetime(2025, 2, 23, 18, 30, 21, 212177)}
2025-02-23 18:30:21,215 INFO Received data: {'city': 'Vancouver', 'temperature': -5.94, 'wind_speed': 11.6, 'humidity': 91.99, 'received_at': datetime.datetime(2025, 2, 23, 18, 30, 21, 215465)}
2025-02-23 18:30:26,210 INFO Received data: {'city': 'Winnipeg', 'temperature': 27.91, 'wind_speed': 6.7, 'humidity': 44.34, 'received_at': datetime.datetime(2025, 2, 23, 18, 30, 26, 210826)}
2025-02-23 18:30:26,214 INFO Received data: {'city': 'Vancouver', 'temperature': -6.89, 'wind_speed': 5.54, 'humidity': 36.67, 'received_at': datetime.datetime(2025, 2, 23, 18, 30, 26, 214190)}
2025-02-23 18:30:31,214 INFO Received data: {'city': 'Winnipeg', 'temperature': -0.09, 'wind_speed': 35.78, 'humidity': 25.74, 'received_at': datetime.datetime(2025, 2, 23, 18, 30, 31, 214483)}
2025-02-23 18:30:31,217 INFO Received data: {'city': 'Vancouver', 'temperature': 23.28, 'wind_speed': 14.94, 'humidity': 92.22, 'received_at': datetime.datetime(2025, 2, 23, 18, 30, 31, 217906)}
2025-02-23 18:30:36,216 INFO Received data: {'city': 'Winnipeg', 'temperature': 15.47, 'wind_speed': 28.82, 'humidity': 68.2, 'received_at': datetime.datetime(2025, 2, 23, 18, 30, 36, 216441)}
2025-02-23 18:30:36,219 INFO Received data: {'city': 'Vancouver', 'temperature': -3.92, 'wind_speed': 3.4, 'humidity': 89.12, 'received_at': datetime.datetime(2025, 2, 23, 18, 30, 36, 219917)}
2025-02-23 18:30:41,218 INFO Received data: {'city': 'Winnipeg', 'temperature': -18.66, 'wind_speed': 2.69, 'humidity': 36.84, 'received_at': datetime.datetime(2025, 2, 23, 18, 30, 41, 218038)}
2025-02-23 18:30:41,220 INFO Received data: {'city': 'Vancouver', 'temperature': 4.5, 'wind_speed': 13.61, 'humidity': 35.03, 'received_at': datetime.datetime(2025, 2, 23, 18, 30, 41, 220129)}
2025-02-23 18:30:46,219 INFO Received data: {'city': 'Winnipeg', 'temperature': 11.52, 'wind_speed': 33.33, 'humidity': 60.06, 'received_at': datetime.datetime(2025, 2, 23, 18, 30, 46, 219174)}
2025-02-23 18:30:46,222 INFO Received data: {'city': 'Vancouver', 'temperature': 23.72, 'wind_speed': 20.28, 'humidity': 65.91, 'received_at': datetime.datetime(2025, 2, 23, 18, 30, 46, 222252)}
2025-02-23 18:30:51,220 INFO Received data: {'city': 'Winnipeg', 'temperature': 10.68, 'wind_speed': 32.26, 'humidity': 27.79, 'received_at': datetime.datetime(2025, 2, 23, 18, 30, 51, 220675)}
2025-02-23 18:30:51,224 INFO Received data: {'city': 'Vancouver', 'temperature': 24.7, 'wind_speed': 9.11, 'humidity': 34.46, 'received_at': datetime.datetime(2025, 2, 23, 18, 30, 51, 224159)}
2025-02-23 18:30:56,223 INFO Received data: {'city': 'Winnipeg', 'temperature': 23.68, 'wind_speed': 49.64, 'humidity': 36.3, 'received_at': datetime.datetime(2025, 2, 23, 18, 30, 56, 223012)}
2025-02-23 18:30:56,226 INFO Received data: {'city': 'Vancouver', 'temperature': -6.99, 'wind_speed': 10.96, 'humidity': 94.11, 'received_at': datetime.datetime(2025, 2, 23, 18, 30, 56, 226340)}
2025-02-23 18:31:01,225 INFO Received data: {'city': 'Winnipeg', 'temperature': 7.03, 'wind_speed': 46.6, 'humidity': 41.14, 'received_at': datetime.datetime(2025, 2, 23, 18, 31, 1, 225010)}
2025-02-23 18:31:01,228 INFO Received data: {'city': 'Vancouver', 'temperature': 13.96, 'wind_speed': 22.58, 'humidity': 94.08, 'received_at': datetime.datetime(2025, 2, 23, 18, 31, 1, 228281)}
2025-02-23 18:31:06,225 INFO Received data: {'city': 'Winnipeg', 'temperature': 21.13, 'wind_speed': 41.91, 'humidity': 32.1, 'received_at': datetime.datetime(2025, 2, 23, 18, 31, 6, 225093)}
2025-02-23 18:31:06,226 INFO Received data: {'city': 'Vancouver', 'temperature': 14.73, 'wind_speed': 4.62, 'humidity': 90.09, 'received_at': datetime.datetime(2025, 2, 23, 18, 31, 6, 226413)}
2025-02-23 18:31:11,226 INFO Received data: {'city': 'Winnipeg', 'temperature': -1.32, 'wind_speed': 7.43, 'humidity': 20.99, 'received_at': datetime.datetime(2025, 2, 23, 18, 31, 11, 226752)}
2025-02-23 18:31:11,229 INFO Received data: {'city': 'Vancouver', 'temperature': 12.0, 'wind_speed': 29.33, 'humidity': 72.15, 'received_at': datetime.datetime(2025, 2, 23, 18, 31, 11, 229927)}
2025-02-23 18:31:16,228 INFO Received data: {'city': 'Winnipeg', 'temperature': 29.04, 'wind_speed': 22.49, 'humidity': 51.04, 'received_at': datetime.datetime(2025, 2, 23, 18, 31, 16, 228079)}
2025-02-23 18:31:16,231 INFO Received data: {'city': 'Vancouver', 'temperature': 17.27, 'wind_speed': 26.38, 'humidity': 50.44, 'received_at': datetime.datetime(2025, 2, 23, 18, 31, 16, 231216)}
2025-02-23 18:31:21,230 INFO Received data: {'city': 'Winnipeg', 'temperature': -24.49, 'wind_speed': 7.15, 'humidity': 77.03, 'received_at': datetime.datetime(2025, 2, 23, 18, 31, 21, 230219)}
2025-02-23 18:31:21,233 INFO Received data: {'city': 'Vancouver', 'temperature': 21.83, 'wind_speed': 23.6, 'humidity': 86.86, 'received_at': datetime.datetime(2025, 2, 23, 18, 31, 21, 233808)}
2025-02-23 18:31:26,231 INFO Received data: {'city': 'Winnipeg', 'temperature': -15.61, 'wind_speed': 11.99, 'humidity': 65.19, 'received_at': datetime.datetime(2025, 2, 23, 18, 31, 26, 231680)}
2025-02-23 18:31:26,233 INFO Received data: {'city': 'Vancouver', 'temperature': -5.64, 'wind_speed': 26.39, 'humidity': 81.64, 'received_at': datetime.datetime(2025, 2, 23, 18, 31, 26, 233774)}
2025-02-23 18:31:31,233 INFO Received data: {'city': 'Winnipeg', 'temperature': -12.54, 'wind_speed': 41.85, 'humidity': 43.7, 'received_at': datetime.datetime(2025, 2, 23, 18, 31, 31, 233242)}
2025-02-23 18:31:31,236 INFO Received data: {'city': 'Vancouver', 'temperature': 9.96, 'wind_speed': 4.96, 'humidity': 96.12, 'received_at': datetime.datetime(2025, 2, 23, 18, 31, 31, 236664)}
2025-02-23 18:31:36,234 INFO Received data: {'city': 'Winnipeg', 'temperature': 1.97, 'wind_speed': 48.24, 'humidity': 77.13, 'received_at': datetime.datetime(2025, 2, 23, 18, 31, 36, 234567)}
2025-02-23 18:31:36,237 INFO Received data: {'city': 'Vancouver', 'temperature': 10.33, 'wind_speed': 6.68, 'humidity': 44.19, 'received_at': datetime.datetime(2025, 2, 23, 18, 31, 36, 237594)}
2025-02-23 18:31:41,236 INFO Received data: {'city': 'Winnipeg', 'temperature': -13.95, 'wind_speed': 39.51, 'humidity': 30.15, 'received_at': datetime.datetime(2025, 2, 23, 18, 31, 41, 236304)}
2025-02-23 18:31:41,239 INFO Received data: {'city': 'Vancouver', 'temperature': -4.29, 'wind_speed': 13.09, 'humidity': 94.34, 'received_at': datetime.datetime(2025, 2, 23, 18, 31, 41, 239490)}
2025-02-23 18:31:46,237 INFO Received data: {'city': 'Winnipeg', 'temperature': 5.03, 'wind_speed': 30.92, 'humidity': 49.68, 'received_at': datetime.datetime(2025, 2, 23, 18, 31, 46, 237713)}
2025-02-23 18:31:46,240 INFO Received data: {'city': 'Vancouver', 'temperature': 22.92, 'wind_speed': 19.72, 'humidity': 65.79, 'received_at': datetime.datetime(2025, 2, 23, 18, 31, 46, 240709)}
2025-02-23 18:31:51,238 INFO Received data: {'city': 'Winnipeg', 'temperature': 6.33, 'wind_speed': 27.93, 'humidity': 62.26, 'received_at': datetime.datetime(2025, 2, 23, 18, 31, 51, 238765)}
2025-02-23 18:31:51,242 INFO Received data: {'city': 'Vancouver', 'temperature': 20.15, 'wind_speed': 11.39, 'humidity': 57.49, 'received_at': datetime.datetime(2025, 2, 23, 18, 31, 51, 242014)}
2025-02-23 18:31:56,239 INFO Received data: {'city': 'Winnipeg', 'temperature': -19.03, 'wind_speed': 30.3, 'humidity': 59.76, 'received_at': datetime.datetime(2025, 2, 23, 18, 31, 56, 239762)}
2025-02-23 18:31:56,243 INFO Received data: {'city': 'Vancouver', 'temperature': 20.54, 'wind_speed': 22.3, 'humidity': 66.05, 'received_at': datetime.datetime(2025, 2, 23, 18, 31, 56, 243244)}
2025-02-23 18:32:01,241 INFO Received data: {'city': 'Winnipeg', 'temperature': -27.55, 'wind_speed': 46.9, 'humidity': 56.06, 'received_at': datetime.datetime(2025, 2, 23, 18, 32, 1, 241815)}
2025-02-23 18:32:01,245 INFO Received data: {'city': 'Vancouver', 'temperature': 12.02, 'wind_speed': 23.26, 'humidity': 36.23, 'received_at': datetime.datetime(2025, 2, 23, 18, 32, 1, 245044)}
2025-02-23 18:32:06,243 INFO Received data: {'city': 'Winnipeg', 'temperature': 10.42, 'wind_speed': 41.28, 'humidity': 22.53, 'received_at': datetime.datetime(2025, 2, 23, 18, 32, 6, 243307)}
2025-02-23 18:32:06,246 INFO Received data: {'city': 'Vancouver', 'temperature': -7.56, 'wind_speed': 13.89, 'humidity': 35.95, 'received_at': datetime.datetime(2025, 2, 23, 18, 32, 6, 246621)}
2025-02-23 18:32:11,245 INFO Received data: {'city': 'Winnipeg', 'temperature': -29.82, 'wind_speed': 8.84, 'humidity': 27.08, 'received_at': datetime.datetime(2025, 2, 23, 18, 32, 11, 245635)}
2025-02-23 18:32:11,248 INFO Received data: {'city': 'Vancouver', 'temperature': 4.65, 'wind_speed': 7.2, 'humidity': 90.01, 'received_at': datetime.datetime(2025, 2, 23, 18, 32, 11, 248252)}
2025-02-23 18:32:16,246 INFO Received data: {'city': 'Winnipeg', 'temperature': 5.58, 'wind_speed': 28.92, 'humidity': 68.27, 'received_at': datetime.datetime(2025, 2, 23, 18, 32, 16, 246670)}
2025-02-23 18:32:16,252 INFO Received data: {'city': 'Vancouver', 'temperature': 8.57, 'wind_speed': 30.0, 'humidity': 86.36, 'received_at': datetime.datetime(2025, 2, 23, 18, 32, 16, 252063)}
2025-02-23 18:32:21,251 INFO Received data: {'city': 'Winnipeg', 'temperature': -6.92, 'wind_speed': 43.47, 'humidity': 36.0, 'received_at': datetime.datetime(2025, 2, 23, 18, 32, 21, 251008)}
2025-02-23 18:32:21,254 INFO Received data: {'city': 'Vancouver', 'temperature': -5.63, 'wind_speed': 8.33, 'humidity': 70.15, 'received_at': datetime.datetime(2025, 2, 23, 18, 32, 21, 254121)}
2025-02-23 18:32:26,252 INFO Received data: {'city': 'Winnipeg', 'temperature': -17.98, 'wind_speed': 19.25, 'humidity': 53.57, 'received_at': datetime.datetime(2025, 2, 23, 18, 32, 26, 252234)}
2025-02-23 18:32:26,255 INFO Received data: {'city': 'Vancouver', 'temperature': 12.84, 'wind_speed': 8.93, 'humidity': 72.11, 'received_at': datetime.datetime(2025, 2, 23, 18, 32, 26, 255684)}
2025-02-23 18:32:31,253 INFO Received data: {'city': 'Winnipeg', 'temperature': -18.6, 'wind_speed': 45.61, 'humidity': 67.25, 'received_at': datetime.datetime(2025, 2, 23, 18, 32, 31, 253840)}
2025-02-23 18:32:31,256 INFO Received data: {'city': 'Vancouver', 'temperature': 0.78, 'wind_speed': 23.9, 'humidity': 41.2, 'received_at': datetime.datetime(2025, 2, 23, 18, 32, 31, 256109)}
2025-02-23 18:32:36,256 INFO Received data: {'city': 'Winnipeg', 'temperature': -24.28, 'wind_speed': 27.53, 'humidity': 45.37, 'received_at': datetime.datetime(2025, 2, 23, 18, 32, 36, 255952)}
2025-02-23 18:32:36,259 INFO Received data: {'city': 'Vancouver', 'temperature': 2.35, 'wind_speed': 28.21, 'humidity': 58.52, 'received_at': datetime.datetime(2025, 2, 23, 18, 32, 36, 259236)}
2025-02-23 18:32:41,257 INFO Received data: {'city': 'Winnipeg', 'temperature': -0.32, 'wind_speed': 37.65, 'humidity': 75.75, 'received_at': datetime.datetime(2025, 2, 23, 18, 32, 41, 257748)}
2025-02-23 18:32:41,261 INFO Received data: {'city': 'Vancouver', 'temperature': -4.44, 'wind_speed': 15.7, 'humidity': 83.69, 'received_at': datetime.datetime(2025, 2, 23, 18, 32, 41, 261041)}
2025-02-23 18:32:46,259 INFO Received data: {'city': 'Winnipeg', 'temperature': -1.44, 'wind_speed': 27.07, 'humidity': 76.24, 'received_at': datetime.datetime(2025, 2, 23, 18, 32, 46, 259201)}
2025-02-23 18:32:46,262 INFO Received data: {'city': 'Vancouver', 'temperature': -9.1, 'wind_speed': 0.08, 'humidity': 92.41, 'received_at': datetime.datetime(2025, 2, 23, 18, 32, 46, 262559)}
2025-02-23 18:32:51,260 INFO Received data: {'city': 'Winnipeg', 'temperature': -28.74, 'wind_speed': 47.57, 'humidity': 41.7, 'received_at': datetime.datetime(2025, 2, 23, 18, 32, 51, 260189)}
2025-02-23 18:32:51,266 INFO Received data: {'city': 'Vancouver', 'temperature': -9.59, 'wind_speed': 12.69, 'humidity': 56.16, 'received_at': datetime.datetime(2025, 2, 23, 18, 32, 51, 266133)}
2025-02-23 18:32:56,263 INFO Received data: {'city': 'Winnipeg', 'temperature': -4.42, 'wind_speed': 0.58, 'humidity': 37.54, 'received_at': datetime.datetime(2025, 2, 23, 18, 32, 56, 263859)}
2025-02-23 18:32:56,267 INFO Received data: {'city': 'Vancouver', 'temperature': -1.96, 'wind_speed': 10.99, 'humidity': 95.52, 'received_at': datetime.datetime(2025, 2, 23, 18, 32, 56, 267416)}
2025-02-23 18:33:01,265 INFO Received data: {'city': 'Winnipeg', 'temperature': 10.72, 'wind_speed': 19.3, 'humidity': 31.4, 'received_at': datetime.datetime(2025, 2, 23, 18, 33, 1, 264979)}
2025-02-23 18:33:01,271 INFO Received data: {'city': 'Vancouver', 'temperature': 15.91, 'wind_speed': 27.65, 'humidity': 86.94, 'received_at': datetime.datetime(2025, 2, 23, 18, 33, 1, 271019)}
2025-02-23 18:33:06,268 INFO Received data: {'city': 'Winnipeg', 'temperature': 21.18, 'wind_speed': 15.12, 'humidity': 58.49, 'received_at': datetime.datetime(2025, 2, 23, 18, 33, 6, 268785)}
2025-02-23 18:33:06,271 INFO Received data: {'city': 'Vancouver', 'temperature': -8.34, 'wind_speed': 5.77, 'humidity': 54.68, 'received_at': datetime.datetime(2025, 2, 23, 18, 33, 6, 271749)}
2025-02-23 18:33:11,270 INFO Received data: {'city': 'Winnipeg', 'temperature': 29.11, 'wind_speed': 10.9, 'humidity': 51.85, 'received_at': datetime.datetime(2025, 2, 23, 18, 33, 11, 270850)}
2025-02-23 18:33:11,273 INFO Received data: {'city': 'Vancouver', 'temperature': -5.97, 'wind_speed': 21.47, 'humidity': 52.07, 'received_at': datetime.datetime(2025, 2, 23, 18, 33, 11, 273931)}
2025-02-23 18:33:18,324 ERROR <BrokerConnection node_id=0 host=Nitro-ANV15-51:9092 <connected> [IPv4 ('127.0.1.1', 9092)]>: socket disconnected
2025-02-23 18:33:18,324 ERROR <BrokerConnection node_id=0 host=Nitro-ANV15-51:9092 <connected> [IPv4 ('127.0.1.1', 9092)]>: Closing connection. KafkaConnectionError: socket disconnected
2025-02-23 18:33:18,324 WARNING Node 0 connection failed -- refreshing metadata
2025-02-23 18:33:18,325 ERROR Fetch to node 0 failed: KafkaConnectionError: socket disconnected
2025-02-23 18:33:18,325 INFO <BrokerConnection node_id=0 host=Nitro-ANV15-51:9092 <connecting> [IPv4 ('127.0.1.1', 9092)]>: connecting to Nitro-ANV15-51:9092 [('127.0.1.1', 9092) IPv4]
2025-02-23 18:33:18,326 INFO <BrokerConnection node_id=0 host=Nitro-ANV15-51:9092 <connecting> [IPv4 ('127.0.1.1', 9092)]>: Closing connection. 
