2025-02-23 18:22:25,931 INFO <BrokerConnection node_id=bootstrap-0 host=localhost:9092 <connecting> [IPv4 ('127.0.0.1', 9092)]>: connecting to localhost:9092 [('127.0.0.1', 9092) IPv4]
2025-02-23 18:22:25,931 INFO Probing node bootstrap-0 broker version
2025-02-23 18:22:25,931 INFO <BrokerConnection node_id=bootstrap-0 host=localhost:9092 <connecting> [IPv4 ('127.0.0.1', 9092)]>: Connection complete.
2025-02-23 18:22:26,039 INFO Broker version identified as 2.6.0
2025-02-23 18:22:26,039 INFO Set configuration api_version=(2, 6, 0) to skip auto check_version requests on startup
2025-02-23 18:22:26,040 INFO Kafka Producer started...
2025-02-23 18:22:26,042 INFO Sent data: {'city': 'Winnipeg', 'temperature': 23.59, 'wind_speed': 28.39, 'humidity': 65.37}
2025-02-23 18:22:26,042 INFO Sent data: {'city': 'Vancouver', 'temperature': 4.66, 'wind_speed': 5.28, 'humidity': 90.17}
2025-02-23 18:22:26,043 INFO <BrokerConnection node_id=0 host=Nitro-ANV15-51:9092 <connecting> [IPv4 ('127.0.1.1', 9092)]>: connecting to Nitro-ANV15-51:9092 [('127.0.1.1', 9092) IPv4]
2025-02-23 18:22:26,043 INFO <BrokerConnection node_id=0 host=Nitro-ANV15-51:9092 <connecting> [IPv4 ('127.0.1.1', 9092)]>: Connection complete.
2025-02-23 18:22:26,043 INFO <BrokerConnection node_id=bootstrap-0 host=localhost:9092 <connected> [IPv4 ('127.0.0.1', 9092)]>: Closing connection. 
2025-02-23 18:22:31,042 INFO Sent data: {'city': 'Winnipeg', 'temperature': 23.28, 'wind_speed': 3.17, 'humidity': 28.74}
2025-02-23 18:22:31,043 INFO Sent data: {'city': 'Vancouver', 'temperature': 6.01, 'wind_speed': 7.94, 'humidity': 66.58}
2025-02-23 18:22:36,043 INFO Sent data: {'city': 'Winnipeg', 'temperature': -12.66, 'wind_speed': 48.55, 'humidity': 77.18}
2025-02-23 18:22:36,043 INFO Sent data: {'city': 'Vancouver', 'temperature': -9.26, 'wind_speed': 21.3, 'humidity': 85.56}
2025-02-23 18:22:41,043 INFO Sent data: {'city': 'Winnipeg', 'temperature': -26.0, 'wind_speed': 24.28, 'humidity': 24.05}
2025-02-23 18:22:41,044 INFO Sent data: {'city': 'Vancouver', 'temperature': -1.59, 'wind_speed': 13.88, 'humidity': 67.36}
2025-02-23 18:22:46,044 INFO Sent data: {'city': 'Winnipeg', 'temperature': 12.87, 'wind_speed': 19.96, 'humidity': 76.03}
2025-02-23 18:22:46,044 INFO Sent data: {'city': 'Vancouver', 'temperature': 12.64, 'wind_speed': 17.17, 'humidity': 39.63}
2025-02-23 18:22:51,045 INFO Sent data: {'city': 'Winnipeg', 'temperature': -29.81, 'wind_speed': 16.57, 'humidity': 76.3}
2025-02-23 18:22:51,045 INFO Sent data: {'city': 'Vancouver', 'temperature': 17.88, 'wind_speed': 8.4, 'humidity': 30.35}
2025-02-23 18:22:56,046 INFO Sent data: {'city': 'Winnipeg', 'temperature': -14.38, 'wind_speed': 19.58, 'humidity': 64.75}
2025-02-23 18:22:56,047 INFO Sent data: {'city': 'Vancouver', 'temperature': 24.47, 'wind_speed': 27.81, 'humidity': 76.95}
2025-02-23 18:23:01,048 INFO Sent data: {'city': 'Winnipeg', 'temperature': 0.06, 'wind_speed': 36.56, 'humidity': 70.73}
2025-02-23 18:23:01,050 INFO Sent data: {'city': 'Vancouver', 'temperature': 2.15, 'wind_speed': 7.67, 'humidity': 61.33}
2025-02-23 18:23:06,051 INFO Sent data: {'city': 'Winnipeg', 'temperature': 23.4, 'wind_speed': 4.87, 'humidity': 27.63}
2025-02-23 18:23:06,053 INFO Sent data: {'city': 'Vancouver', 'temperature': 24.99, 'wind_speed': 7.39, 'humidity': 62.69}
2025-02-23 18:23:11,054 INFO Sent data: {'city': 'Winnipeg', 'temperature': -11.87, 'wind_speed': 27.68, 'humidity': 25.7}
2025-02-23 18:23:11,054 INFO Sent data: {'city': 'Vancouver', 'temperature': 8.8, 'wind_speed': 3.17, 'humidity': 34.39}
2025-02-23 18:23:16,055 INFO Sent data: {'city': 'Winnipeg', 'temperature': -18.21, 'wind_speed': 22.69, 'humidity': 57.98}
2025-02-23 18:23:16,055 INFO Sent data: {'city': 'Vancouver', 'temperature': -8.47, 'wind_speed': 6.87, 'humidity': 66.09}
2025-02-23 18:23:21,056 INFO Sent data: {'city': 'Winnipeg', 'temperature': -19.82, 'wind_speed': 36.47, 'humidity': 29.07}
2025-02-23 18:23:21,056 INFO Sent data: {'city': 'Vancouver', 'temperature': -7.66, 'wind_speed': 29.82, 'humidity': 31.26}
2025-02-23 18:23:26,057 INFO Sent data: {'city': 'Winnipeg', 'temperature': 26.14, 'wind_speed': 2.38, 'humidity': 25.24}
2025-02-23 18:23:26,057 INFO Sent data: {'city': 'Vancouver', 'temperature': 20.9, 'wind_speed': 10.19, 'humidity': 75.68}
2025-02-23 18:23:31,058 INFO Sent data: {'city': 'Winnipeg', 'temperature': -5.22, 'wind_speed': 48.88, 'humidity': 24.15}
2025-02-23 18:23:31,059 INFO Sent data: {'city': 'Vancouver', 'temperature': 17.2, 'wind_speed': 0.76, 'humidity': 98.35}
2025-02-23 18:23:36,059 INFO Sent data: {'city': 'Winnipeg', 'temperature': 22.49, 'wind_speed': 1.87, 'humidity': 23.78}
2025-02-23 18:23:36,060 INFO Sent data: {'city': 'Vancouver', 'temperature': 18.6, 'wind_speed': 11.61, 'humidity': 83.29}
2025-02-23 18:23:41,061 INFO Sent data: {'city': 'Winnipeg', 'temperature': -0.95, 'wind_speed': 32.52, 'humidity': 77.46}
2025-02-23 18:23:41,061 INFO Sent data: {'city': 'Vancouver', 'temperature': 11.3, 'wind_speed': 13.87, 'humidity': 77.48}
2025-02-23 18:23:46,062 INFO Sent data: {'city': 'Winnipeg', 'temperature': 11.3, 'wind_speed': 17.86, 'humidity': 28.31}
2025-02-23 18:23:46,064 INFO Sent data: {'city': 'Vancouver', 'temperature': 22.27, 'wind_speed': 29.43, 'humidity': 54.44}
2025-02-23 18:23:51,066 INFO Sent data: {'city': 'Winnipeg', 'temperature': 28.55, 'wind_speed': 27.88, 'humidity': 40.23}
2025-02-23 18:23:51,066 INFO Sent data: {'city': 'Vancouver', 'temperature': 5.35, 'wind_speed': 28.24, 'humidity': 65.79}
2025-02-23 18:23:56,067 INFO Sent data: {'city': 'Winnipeg', 'temperature': 15.91, 'wind_speed': 11.48, 'humidity': 41.5}
2025-02-23 18:23:56,068 INFO Sent data: {'city': 'Vancouver', 'temperature': -0.41, 'wind_speed': 22.82, 'humidity': 58.51}
2025-02-23 18:24:01,069 INFO Sent data: {'city': 'Winnipeg', 'temperature': -13.5, 'wind_speed': 43.51, 'humidity': 57.49}
2025-02-23 18:24:01,069 INFO Sent data: {'city': 'Vancouver', 'temperature': -7.17, 'wind_speed': 28.45, 'humidity': 52.96}
2025-02-23 18:24:06,070 INFO Sent data: {'city': 'Winnipeg', 'temperature': -5.8, 'wind_speed': 36.29, 'humidity': 66.97}
2025-02-23 18:24:06,072 INFO Sent data: {'city': 'Vancouver', 'temperature': -3.67, 'wind_speed': 26.85, 'humidity': 59.29}
2025-02-23 18:24:11,074 INFO Sent data: {'city': 'Winnipeg', 'temperature': 19.8, 'wind_speed': 5.19, 'humidity': 20.1}
2025-02-23 18:24:11,076 INFO Sent data: {'city': 'Vancouver', 'temperature': 5.44, 'wind_speed': 26.65, 'humidity': 97.94}
2025-02-23 18:24:16,078 INFO Sent data: {'city': 'Winnipeg', 'temperature': -20.88, 'wind_speed': 37.66, 'humidity': 49.38}
2025-02-23 18:24:16,078 INFO Sent data: {'city': 'Vancouver', 'temperature': 16.38, 'wind_speed': 24.14, 'humidity': 57.8}
2025-02-23 18:24:21,079 INFO Sent data: {'city': 'Winnipeg', 'temperature': -14.32, 'wind_speed': 9.95, 'humidity': 44.96}
2025-02-23 18:24:21,081 INFO Sent data: {'city': 'Vancouver', 'temperature': 23.76, 'wind_speed': 14.11, 'humidity': 90.15}
2025-02-23 18:24:26,083 INFO Sent data: {'city': 'Winnipeg', 'temperature': -1.98, 'wind_speed': 21.63, 'humidity': 70.85}
2025-02-23 18:24:26,083 INFO Sent data: {'city': 'Vancouver', 'temperature': 6.99, 'wind_speed': 15.33, 'humidity': 77.6}
2025-02-23 18:24:31,084 INFO Sent data: {'city': 'Winnipeg', 'temperature': 6.96, 'wind_speed': 27.12, 'humidity': 53.66}
2025-02-23 18:24:31,084 INFO Sent data: {'city': 'Vancouver', 'temperature': 1.4, 'wind_speed': 10.0, 'humidity': 41.55}
2025-02-23 18:24:36,085 INFO Sent data: {'city': 'Winnipeg', 'temperature': -9.41, 'wind_speed': 4.15, 'humidity': 65.91}
2025-02-23 18:24:36,086 INFO Sent data: {'city': 'Vancouver', 'temperature': 7.2, 'wind_speed': 14.53, 'humidity': 39.61}
2025-02-23 18:24:41,087 INFO Sent data: {'city': 'Winnipeg', 'temperature': -13.64, 'wind_speed': 26.98, 'humidity': 26.54}
2025-02-23 18:24:41,087 INFO Sent data: {'city': 'Vancouver', 'temperature': 9.87, 'wind_speed': 21.96, 'humidity': 62.01}
2025-02-23 18:24:46,089 INFO Sent data: {'city': 'Winnipeg', 'temperature': 26.65, 'wind_speed': 42.82, 'humidity': 53.93}
2025-02-23 18:24:46,089 INFO Sent data: {'city': 'Vancouver', 'temperature': 9.68, 'wind_speed': 25.99, 'humidity': 75.77}
2025-02-23 18:24:51,091 INFO Sent data: {'city': 'Winnipeg', 'temperature': -14.31, 'wind_speed': 23.84, 'humidity': 70.09}
2025-02-23 18:24:51,092 INFO Sent data: {'city': 'Vancouver', 'temperature': 1.92, 'wind_speed': 13.8, 'humidity': 37.85}
2025-02-23 18:24:56,093 INFO Sent data: {'city': 'Winnipeg', 'temperature': 10.52, 'wind_speed': 22.65, 'humidity': 49.48}
2025-02-23 18:24:56,094 INFO Sent data: {'city': 'Vancouver', 'temperature': -4.42, 'wind_speed': 22.59, 'humidity': 81.83}
2025-02-23 18:25:01,095 INFO Sent data: {'city': 'Winnipeg', 'temperature': 28.29, 'wind_speed': 1.77, 'humidity': 54.31}
2025-02-23 18:25:01,095 INFO Sent data: {'city': 'Vancouver', 'temperature': 3.05, 'wind_speed': 15.21, 'humidity': 95.92}
2025-02-23 18:25:06,096 INFO Sent data: {'city': 'Winnipeg', 'temperature': 3.28, 'wind_speed': 22.55, 'humidity': 53.68}
2025-02-23 18:25:06,097 INFO Sent data: {'city': 'Vancouver', 'temperature': -7.28, 'wind_speed': 5.82, 'humidity': 33.71}
2025-02-23 18:25:11,098 INFO Sent data: {'city': 'Winnipeg', 'temperature': 9.84, 'wind_speed': 30.32, 'humidity': 70.92}
2025-02-23 18:25:11,099 INFO Sent data: {'city': 'Vancouver', 'temperature': 6.69, 'wind_speed': 18.03, 'humidity': 63.65}
2025-02-23 18:25:16,100 INFO Sent data: {'city': 'Winnipeg', 'temperature': 10.7, 'wind_speed': 24.16, 'humidity': 71.67}
2025-02-23 18:25:16,101 INFO Sent data: {'city': 'Vancouver', 'temperature': 4.47, 'wind_speed': 0.52, 'humidity': 37.95}
2025-02-23 18:25:21,102 INFO Sent data: {'city': 'Winnipeg', 'temperature': -18.09, 'wind_speed': 39.94, 'humidity': 25.52}
2025-02-23 18:25:21,102 INFO Sent data: {'city': 'Vancouver', 'temperature': 1.53, 'wind_speed': 10.58, 'humidity': 60.4}
2025-02-23 18:25:26,104 INFO Sent data: {'city': 'Winnipeg', 'temperature': -24.63, 'wind_speed': 2.6, 'humidity': 35.76}
2025-02-23 18:25:26,106 INFO Sent data: {'city': 'Vancouver', 'temperature': 0.88, 'wind_speed': 9.2, 'humidity': 50.84}
2025-02-23 18:25:31,107 INFO Sent data: {'city': 'Winnipeg', 'temperature': -7.98, 'wind_speed': 46.66, 'humidity': 23.7}
2025-02-23 18:25:31,108 INFO Sent data: {'city': 'Vancouver', 'temperature': 4.73, 'wind_speed': 20.86, 'humidity': 59.06}
2025-02-23 18:25:36,109 INFO Sent data: {'city': 'Winnipeg', 'temperature': -21.03, 'wind_speed': 37.67, 'humidity': 46.4}
2025-02-23 18:25:36,110 INFO Sent data: {'city': 'Vancouver', 'temperature': 22.13, 'wind_speed': 17.91, 'humidity': 55.21}
2025-02-23 18:25:41,111 INFO Sent data: {'city': 'Winnipeg', 'temperature': -7.92, 'wind_speed': 5.69, 'humidity': 25.69}
2025-02-23 18:25:41,111 INFO Sent data: {'city': 'Vancouver', 'temperature': 16.6, 'wind_speed': 14.85, 'humidity': 69.76}
2025-02-23 18:25:46,113 INFO Sent data: {'city': 'Winnipeg', 'temperature': -17.57, 'wind_speed': 48.91, 'humidity': 29.89}
2025-02-23 18:25:46,113 INFO Sent data: {'city': 'Vancouver', 'temperature': -0.24, 'wind_speed': 20.25, 'humidity': 76.05}
2025-02-23 18:25:51,114 INFO Sent data: {'city': 'Winnipeg', 'temperature': 0.2, 'wind_speed': 42.38, 'humidity': 53.72}
2025-02-23 18:25:51,115 INFO Sent data: {'city': 'Vancouver', 'temperature': 15.9, 'wind_speed': 5.67, 'humidity': 65.17}
2025-02-23 18:25:56,116 INFO Sent data: {'city': 'Winnipeg', 'temperature': -25.28, 'wind_speed': 3.19, 'humidity': 22.34}
2025-02-23 18:25:56,116 INFO Sent data: {'city': 'Vancouver', 'temperature': 14.01, 'wind_speed': 25.93, 'humidity': 43.54}
2025-02-23 18:26:01,117 INFO Sent data: {'city': 'Winnipeg', 'temperature': -16.11, 'wind_speed': 46.84, 'humidity': 44.87}
2025-02-23 18:26:01,118 INFO Sent data: {'city': 'Vancouver', 'temperature': 12.42, 'wind_speed': 12.18, 'humidity': 49.35}
2025-02-23 18:26:06,119 INFO Sent data: {'city': 'Winnipeg', 'temperature': -20.65, 'wind_speed': 39.66, 'humidity': 53.98}
2025-02-23 18:26:06,120 INFO Sent data: {'city': 'Vancouver', 'temperature': 16.69, 'wind_speed': 14.31, 'humidity': 98.09}
2025-02-23 18:26:11,121 INFO Sent data: {'city': 'Winnipeg', 'temperature': 15.78, 'wind_speed': 37.04, 'humidity': 77.84}
2025-02-23 18:26:11,121 INFO Sent data: {'city': 'Vancouver', 'temperature': 1.05, 'wind_speed': 5.05, 'humidity': 52.27}
2025-02-23 18:26:16,122 INFO Sent data: {'city': 'Winnipeg', 'temperature': 26.27, 'wind_speed': 31.86, 'humidity': 62.46}
2025-02-23 18:26:16,123 INFO Sent data: {'city': 'Vancouver', 'temperature': 22.21, 'wind_speed': 19.15, 'humidity': 33.74}
2025-02-23 18:26:21,124 INFO Sent data: {'city': 'Winnipeg', 'temperature': 22.63, 'wind_speed': 6.3, 'humidity': 28.4}
2025-02-23 18:26:21,126 INFO Sent data: {'city': 'Vancouver', 'temperature': 8.07, 'wind_speed': 29.58, 'humidity': 42.29}
2025-02-23 18:26:26,127 INFO Sent data: {'city': 'Winnipeg', 'temperature': -8.96, 'wind_speed': 0.36, 'humidity': 43.59}
2025-02-23 18:26:26,127 INFO Sent data: {'city': 'Vancouver', 'temperature': 16.36, 'wind_speed': 23.42, 'humidity': 74.25}
2025-02-23 18:26:31,129 INFO Sent data: {'city': 'Winnipeg', 'temperature': 16.37, 'wind_speed': 3.12, 'humidity': 67.77}
2025-02-23 18:26:31,129 INFO Sent data: {'city': 'Vancouver', 'temperature': -3.53, 'wind_speed': 4.42, 'humidity': 81.29}
2025-02-23 18:26:36,130 INFO Sent data: {'city': 'Winnipeg', 'temperature': -6.0, 'wind_speed': 15.09, 'humidity': 31.11}
2025-02-23 18:26:36,131 INFO Sent data: {'city': 'Vancouver', 'temperature': 16.85, 'wind_speed': 27.24, 'humidity': 83.5}
2025-02-23 18:26:41,132 INFO Sent data: {'city': 'Winnipeg', 'temperature': -26.35, 'wind_speed': 34.79, 'humidity': 60.78}
2025-02-23 18:26:41,133 INFO Sent data: {'city': 'Vancouver', 'temperature': 12.22, 'wind_speed': 24.47, 'humidity': 36.54}
2025-02-23 18:26:46,134 INFO Sent data: {'city': 'Winnipeg', 'temperature': 22.89, 'wind_speed': 10.82, 'humidity': 35.46}
2025-02-23 18:26:46,134 INFO Sent data: {'city': 'Vancouver', 'temperature': 3.92, 'wind_speed': 13.21, 'humidity': 62.24}
2025-02-23 18:26:51,135 INFO Sent data: {'city': 'Winnipeg', 'temperature': -26.71, 'wind_speed': 1.44, 'humidity': 42.18}
2025-02-23 18:26:51,136 INFO Sent data: {'city': 'Vancouver', 'temperature': 1.9, 'wind_speed': 1.05, 'humidity': 78.41}
2025-02-23 18:26:56,137 INFO Sent data: {'city': 'Winnipeg', 'temperature': 5.08, 'wind_speed': 36.24, 'humidity': 76.66}
2025-02-23 18:26:56,137 INFO Sent data: {'city': 'Vancouver', 'temperature': -6.38, 'wind_speed': 15.69, 'humidity': 90.47}
2025-02-23 18:27:01,138 INFO Sent data: {'city': 'Winnipeg', 'temperature': -13.82, 'wind_speed': 17.32, 'humidity': 56.52}
2025-02-23 18:27:01,139 INFO Sent data: {'city': 'Vancouver', 'temperature': -0.2, 'wind_speed': 28.37, 'humidity': 67.58}
2025-02-23 18:27:06,140 INFO Sent data: {'city': 'Winnipeg', 'temperature': 26.12, 'wind_speed': 11.61, 'humidity': 20.64}
2025-02-23 18:27:06,141 INFO Sent data: {'city': 'Vancouver', 'temperature': -9.58, 'wind_speed': 21.44, 'humidity': 84.56}
2025-02-23 18:27:11,142 INFO Sent data: {'city': 'Winnipeg', 'temperature': -26.07, 'wind_speed': 30.07, 'humidity': 45.5}
2025-02-23 18:27:11,142 INFO Sent data: {'city': 'Vancouver', 'temperature': -4.18, 'wind_speed': 26.32, 'humidity': 32.23}
2025-02-23 18:27:16,143 INFO Sent data: {'city': 'Winnipeg', 'temperature': 2.68, 'wind_speed': 6.72, 'humidity': 25.7}
2025-02-23 18:27:16,144 INFO Sent data: {'city': 'Vancouver', 'temperature': 17.78, 'wind_speed': 16.07, 'humidity': 37.92}
2025-02-23 18:27:21,145 INFO Sent data: {'city': 'Winnipeg', 'temperature': 27.85, 'wind_speed': 1.12, 'humidity': 69.8}
2025-02-23 18:27:21,145 INFO Sent data: {'city': 'Vancouver', 'temperature': 5.99, 'wind_speed': 22.67, 'humidity': 97.64}
2025-02-23 18:27:26,146 INFO Sent data: {'city': 'Winnipeg', 'temperature': -3.78, 'wind_speed': 11.43, 'humidity': 57.2}
2025-02-23 18:27:26,147 INFO Sent data: {'city': 'Vancouver', 'temperature': 21.89, 'wind_speed': 11.46, 'humidity': 64.42}
2025-02-23 18:27:31,147 INFO Sent data: {'city': 'Winnipeg', 'temperature': 4.76, 'wind_speed': 29.14, 'humidity': 25.4}
2025-02-23 18:27:31,147 INFO Sent data: {'city': 'Vancouver', 'temperature': -0.2, 'wind_speed': 0.96, 'humidity': 62.37}
2025-02-23 18:27:36,148 INFO Sent data: {'city': 'Winnipeg', 'temperature': -18.31, 'wind_speed': 36.68, 'humidity': 73.85}
2025-02-23 18:27:36,148 INFO Sent data: {'city': 'Vancouver', 'temperature': 22.73, 'wind_speed': 16.14, 'humidity': 45.58}
2025-02-23 18:27:41,148 INFO Sent data: {'city': 'Winnipeg', 'temperature': 13.97, 'wind_speed': 5.03, 'humidity': 46.7}
2025-02-23 18:27:41,149 INFO Sent data: {'city': 'Vancouver', 'temperature': 19.42, 'wind_speed': 16.64, 'humidity': 49.31}
2025-02-23 18:27:46,150 INFO Sent data: {'city': 'Winnipeg', 'temperature': -22.54, 'wind_speed': 49.73, 'humidity': 79.57}
2025-02-23 18:27:46,151 INFO Sent data: {'city': 'Vancouver', 'temperature': 4.06, 'wind_speed': 22.62, 'humidity': 81.9}
2025-02-23 18:27:51,152 INFO Sent data: {'city': 'Winnipeg', 'temperature': -28.8, 'wind_speed': 23.77, 'humidity': 52.68}
2025-02-23 18:27:51,152 INFO Sent data: {'city': 'Vancouver', 'temperature': -5.71, 'wind_speed': 29.82, 'humidity': 86.2}
2025-02-23 18:27:56,153 INFO Sent data: {'city': 'Winnipeg', 'temperature': 16.06, 'wind_speed': 24.66, 'humidity': 36.82}
2025-02-23 18:27:56,154 INFO Sent data: {'city': 'Vancouver', 'temperature': -1.54, 'wind_speed': 17.91, 'humidity': 34.05}
2025-02-23 18:28:01,155 INFO Sent data: {'city': 'Winnipeg', 'temperature': -6.57, 'wind_speed': 11.38, 'humidity': 61.72}
2025-02-23 18:28:01,155 INFO Sent data: {'city': 'Vancouver', 'temperature': 19.25, 'wind_speed': 12.66, 'humidity': 79.03}
2025-02-23 18:28:06,157 INFO Sent data: {'city': 'Winnipeg', 'temperature': -29.69, 'wind_speed': 27.48, 'humidity': 27.19}
2025-02-23 18:28:06,157 INFO Sent data: {'city': 'Vancouver', 'temperature': 13.61, 'wind_speed': 3.44, 'humidity': 74.2}
2025-02-23 18:28:11,158 INFO Sent data: {'city': 'Winnipeg', 'temperature': -22.99, 'wind_speed': 43.47, 'humidity': 64.56}
2025-02-23 18:28:11,159 INFO Sent data: {'city': 'Vancouver', 'temperature': 2.73, 'wind_speed': 8.83, 'humidity': 47.69}
2025-02-23 18:28:16,160 INFO Sent data: {'city': 'Winnipeg', 'temperature': -23.92, 'wind_speed': 15.82, 'humidity': 34.4}
2025-02-23 18:28:16,163 INFO Sent data: {'city': 'Vancouver', 'temperature': 16.08, 'wind_speed': 13.64, 'humidity': 55.63}
2025-02-23 18:28:21,164 INFO Sent data: {'city': 'Winnipeg', 'temperature': -26.46, 'wind_speed': 34.46, 'humidity': 42.26}
2025-02-23 18:28:21,164 INFO Sent data: {'city': 'Vancouver', 'temperature': 23.64, 'wind_speed': 11.52, 'humidity': 39.52}
2025-02-23 18:28:26,165 INFO Sent data: {'city': 'Winnipeg', 'temperature': -3.28, 'wind_speed': 4.58, 'humidity': 75.37}
2025-02-23 18:28:26,166 INFO Sent data: {'city': 'Vancouver', 'temperature': -5.51, 'wind_speed': 24.87, 'humidity': 93.01}
2025-02-23 18:28:31,167 INFO Sent data: {'city': 'Winnipeg', 'temperature': -15.67, 'wind_speed': 9.0, 'humidity': 31.99}
2025-02-23 18:28:31,168 INFO Sent data: {'city': 'Vancouver', 'temperature': -3.92, 'wind_speed': 7.01, 'humidity': 44.08}
2025-02-23 18:28:36,169 INFO Sent data: {'city': 'Winnipeg', 'temperature': 0.13, 'wind_speed': 24.81, 'humidity': 27.25}
2025-02-23 18:28:36,172 INFO Sent data: {'city': 'Vancouver', 'temperature': 16.57, 'wind_speed': 27.66, 'humidity': 88.61}
2025-02-23 18:28:41,174 INFO Sent data: {'city': 'Winnipeg', 'temperature': 12.57, 'wind_speed': 46.71, 'humidity': 31.69}
2025-02-23 18:28:41,174 INFO Sent data: {'city': 'Vancouver', 'temperature': -8.08, 'wind_speed': 4.8, 'humidity': 59.92}
2025-02-23 18:28:46,175 INFO Sent data: {'city': 'Winnipeg', 'temperature': -6.67, 'wind_speed': 30.26, 'humidity': 71.11}
2025-02-23 18:28:46,176 INFO Sent data: {'city': 'Vancouver', 'temperature': -3.21, 'wind_speed': 28.25, 'humidity': 81.09}
2025-02-23 18:28:51,177 INFO Sent data: {'city': 'Winnipeg', 'temperature': -15.23, 'wind_speed': 4.92, 'humidity': 71.76}
2025-02-23 18:28:51,179 INFO Sent data: {'city': 'Vancouver', 'temperature': -4.15, 'wind_speed': 2.59, 'humidity': 33.5}
2025-02-23 18:28:56,180 INFO Sent data: {'city': 'Winnipeg', 'temperature': -6.97, 'wind_speed': 20.01, 'humidity': 40.38}
2025-02-23 18:28:56,181 INFO Sent data: {'city': 'Vancouver', 'temperature': 16.21, 'wind_speed': 13.1, 'humidity': 60.07}
2025-02-23 18:29:01,183 INFO Sent data: {'city': 'Winnipeg', 'temperature': 9.62, 'wind_speed': 31.71, 'humidity': 74.45}
2025-02-23 18:29:01,184 INFO Sent data: {'city': 'Vancouver', 'temperature': 12.13, 'wind_speed': 4.52, 'humidity': 42.52}
2025-02-23 18:29:06,185 INFO Sent data: {'city': 'Winnipeg', 'temperature': -24.16, 'wind_speed': 38.41, 'humidity': 21.65}
2025-02-23 18:29:06,186 INFO Sent data: {'city': 'Vancouver', 'temperature': 7.49, 'wind_speed': 6.35, 'humidity': 39.83}
2025-02-23 18:29:11,187 INFO Sent data: {'city': 'Winnipeg', 'temperature': 24.39, 'wind_speed': 27.64, 'humidity': 57.09}
2025-02-23 18:29:11,187 INFO Sent data: {'city': 'Vancouver', 'temperature': 3.29, 'wind_speed': 15.74, 'humidity': 48.79}
2025-02-23 18:29:16,188 INFO Sent data: {'city': 'Winnipeg', 'temperature': -25.56, 'wind_speed': 12.87, 'humidity': 48.79}
2025-02-23 18:29:16,188 INFO Sent data: {'city': 'Vancouver', 'temperature': 17.99, 'wind_speed': 22.16, 'humidity': 94.48}
2025-02-23 18:29:21,189 INFO Sent data: {'city': 'Winnipeg', 'temperature': 9.35, 'wind_speed': 41.64, 'humidity': 53.82}
2025-02-23 18:29:21,190 INFO Sent data: {'city': 'Vancouver', 'temperature': 19.34, 'wind_speed': 20.11, 'humidity': 87.1}
2025-02-23 18:29:26,191 INFO Sent data: {'city': 'Winnipeg', 'temperature': -19.97, 'wind_speed': 12.1, 'humidity': 30.22}
2025-02-23 18:29:26,191 INFO Sent data: {'city': 'Vancouver', 'temperature': 22.85, 'wind_speed': 23.55, 'humidity': 83.3}
2025-02-23 18:29:31,192 INFO Sent data: {'city': 'Winnipeg', 'temperature': 1.6, 'wind_speed': 40.04, 'humidity': 34.42}
2025-02-23 18:29:31,192 INFO Sent data: {'city': 'Vancouver', 'temperature': 5.57, 'wind_speed': 28.95, 'humidity': 46.32}
2025-02-23 18:29:36,193 INFO Sent data: {'city': 'Winnipeg', 'temperature': 11.62, 'wind_speed': 44.43, 'humidity': 45.68}
2025-02-23 18:29:36,194 INFO Sent data: {'city': 'Vancouver', 'temperature': 19.54, 'wind_speed': 5.7, 'humidity': 39.49}
2025-02-23 18:29:41,194 INFO Sent data: {'city': 'Winnipeg', 'temperature': -11.49, 'wind_speed': 9.57, 'humidity': 64.71}
2025-02-23 18:29:41,194 INFO Sent data: {'city': 'Vancouver', 'temperature': 1.35, 'wind_speed': 2.04, 'humidity': 84.53}
2025-02-23 18:29:46,196 INFO Sent data: {'city': 'Winnipeg', 'temperature': -15.47, 'wind_speed': 7.49, 'humidity': 33.29}
2025-02-23 18:29:46,196 INFO Sent data: {'city': 'Vancouver', 'temperature': 24.3, 'wind_speed': 16.33, 'humidity': 92.89}
2025-02-23 18:29:51,197 INFO Sent data: {'city': 'Winnipeg', 'temperature': 16.97, 'wind_speed': 26.73, 'humidity': 44.17}
2025-02-23 18:29:51,198 INFO Sent data: {'city': 'Vancouver', 'temperature': 21.61, 'wind_speed': 7.64, 'humidity': 61.14}
2025-02-23 18:29:56,199 INFO Sent data: {'city': 'Winnipeg', 'temperature': -13.14, 'wind_speed': 7.78, 'humidity': 45.95}
2025-02-23 18:29:56,199 INFO Sent data: {'city': 'Vancouver', 'temperature': 16.98, 'wind_speed': 10.64, 'humidity': 36.86}
2025-02-23 18:30:01,200 INFO Sent data: {'city': 'Winnipeg', 'temperature': -2.47, 'wind_speed': 43.21, 'humidity': 65.81}
2025-02-23 18:30:01,201 INFO Sent data: {'city': 'Vancouver', 'temperature': -8.7, 'wind_speed': 0.74, 'humidity': 61.87}
2025-02-23 18:30:06,202 INFO Sent data: {'city': 'Winnipeg', 'temperature': 13.79, 'wind_speed': 0.67, 'humidity': 51.23}
2025-02-23 18:30:06,202 INFO Sent data: {'city': 'Vancouver', 'temperature': 20.85, 'wind_speed': 1.37, 'humidity': 45.95}
2025-02-23 18:30:11,203 INFO Sent data: {'city': 'Winnipeg', 'temperature': -25.81, 'wind_speed': 44.27, 'humidity': 48.04}
2025-02-23 18:30:11,204 INFO Sent data: {'city': 'Vancouver', 'temperature': 16.01, 'wind_speed': 27.26, 'humidity': 72.69}
2025-02-23 18:30:16,205 INFO Sent data: {'city': 'Winnipeg', 'temperature': -12.81, 'wind_speed': 25.47, 'humidity': 23.32}
2025-02-23 18:30:16,205 INFO Sent data: {'city': 'Vancouver', 'temperature': 4.04, 'wind_speed': 13.8, 'humidity': 80.22}
2025-02-23 18:30:21,206 INFO Sent data: {'city': 'Winnipeg', 'temperature': -26.82, 'wind_speed': 27.02, 'humidity': 67.44}
2025-02-23 18:30:21,206 INFO Sent data: {'city': 'Vancouver', 'temperature': -5.94, 'wind_speed': 11.6, 'humidity': 91.99}
2025-02-23 18:30:26,207 INFO Sent data: {'city': 'Winnipeg', 'temperature': 27.91, 'wind_speed': 6.7, 'humidity': 44.34}
2025-02-23 18:30:26,207 INFO Sent data: {'city': 'Vancouver', 'temperature': -6.89, 'wind_speed': 5.54, 'humidity': 36.67}
2025-02-23 18:30:31,208 INFO Sent data: {'city': 'Winnipeg', 'temperature': -0.09, 'wind_speed': 35.78, 'humidity': 25.74}
2025-02-23 18:30:31,208 INFO Sent data: {'city': 'Vancouver', 'temperature': 23.28, 'wind_speed': 14.94, 'humidity': 92.22}
2025-02-23 18:30:36,209 INFO Sent data: {'city': 'Winnipeg', 'temperature': 15.47, 'wind_speed': 28.82, 'humidity': 68.2}
2025-02-23 18:30:36,210 INFO Sent data: {'city': 'Vancouver', 'temperature': -3.92, 'wind_speed': 3.4, 'humidity': 89.12}
2025-02-23 18:30:41,211 INFO Sent data: {'city': 'Winnipeg', 'temperature': -18.66, 'wind_speed': 2.69, 'humidity': 36.84}
2025-02-23 18:30:41,211 INFO Sent data: {'city': 'Vancouver', 'temperature': 4.5, 'wind_speed': 13.61, 'humidity': 35.03}
2025-02-23 18:30:46,212 INFO Sent data: {'city': 'Winnipeg', 'temperature': 11.52, 'wind_speed': 33.33, 'humidity': 60.06}
2025-02-23 18:30:46,213 INFO Sent data: {'city': 'Vancouver', 'temperature': 23.72, 'wind_speed': 20.28, 'humidity': 65.91}
2025-02-23 18:30:51,214 INFO Sent data: {'city': 'Winnipeg', 'temperature': 10.68, 'wind_speed': 32.26, 'humidity': 27.79}
2025-02-23 18:30:51,215 INFO Sent data: {'city': 'Vancouver', 'temperature': 24.7, 'wind_speed': 9.11, 'humidity': 34.46}
2025-02-23 18:30:56,216 INFO Sent data: {'city': 'Winnipeg', 'temperature': 23.68, 'wind_speed': 49.64, 'humidity': 36.3}
2025-02-23 18:30:56,216 INFO Sent data: {'city': 'Vancouver', 'temperature': -6.99, 'wind_speed': 10.96, 'humidity': 94.11}
2025-02-23 18:31:01,217 INFO Sent data: {'city': 'Winnipeg', 'temperature': 7.03, 'wind_speed': 46.6, 'humidity': 41.14}
2025-02-23 18:31:01,218 INFO Sent data: {'city': 'Vancouver', 'temperature': 13.96, 'wind_speed': 22.58, 'humidity': 94.08}
2025-02-23 18:31:06,219 INFO Sent data: {'city': 'Winnipeg', 'temperature': 21.13, 'wind_speed': 41.91, 'humidity': 32.1}
2025-02-23 18:31:06,219 INFO Sent data: {'city': 'Vancouver', 'temperature': 14.73, 'wind_speed': 4.62, 'humidity': 90.09}
2025-02-23 18:31:11,220 INFO Sent data: {'city': 'Winnipeg', 'temperature': -1.32, 'wind_speed': 7.43, 'humidity': 20.99}
2025-02-23 18:31:11,221 INFO Sent data: {'city': 'Vancouver', 'temperature': 12.0, 'wind_speed': 29.33, 'humidity': 72.15}
2025-02-23 18:31:16,222 INFO Sent data: {'city': 'Winnipeg', 'temperature': 29.04, 'wind_speed': 22.49, 'humidity': 51.04}
2025-02-23 18:31:16,222 INFO Sent data: {'city': 'Vancouver', 'temperature': 17.27, 'wind_speed': 26.38, 'humidity': 50.44}
2025-02-23 18:31:21,223 INFO Sent data: {'city': 'Winnipeg', 'temperature': -24.49, 'wind_speed': 7.15, 'humidity': 77.03}
2025-02-23 18:31:21,224 INFO Sent data: {'city': 'Vancouver', 'temperature': 21.83, 'wind_speed': 23.6, 'humidity': 86.86}
2025-02-23 18:31:26,225 INFO Sent data: {'city': 'Winnipeg', 'temperature': -15.61, 'wind_speed': 11.99, 'humidity': 65.19}
2025-02-23 18:31:26,225 INFO Sent data: {'city': 'Vancouver', 'temperature': -5.64, 'wind_speed': 26.39, 'humidity': 81.64}
2025-02-23 18:31:31,226 INFO Sent data: {'city': 'Winnipeg', 'temperature': -12.54, 'wind_speed': 41.85, 'humidity': 43.7}
2025-02-23 18:31:31,227 INFO Sent data: {'city': 'Vancouver', 'temperature': 9.96, 'wind_speed': 4.96, 'humidity': 96.12}
2025-02-23 18:31:36,228 INFO Sent data: {'city': 'Winnipeg', 'temperature': 1.97, 'wind_speed': 48.24, 'humidity': 77.13}
2025-02-23 18:31:36,228 INFO Sent data: {'city': 'Vancouver', 'temperature': 10.33, 'wind_speed': 6.68, 'humidity': 44.19}
2025-02-23 18:31:41,229 INFO Sent data: {'city': 'Winnipeg', 'temperature': -13.95, 'wind_speed': 39.51, 'humidity': 30.15}
2025-02-23 18:31:41,230 INFO Sent data: {'city': 'Vancouver', 'temperature': -4.29, 'wind_speed': 13.09, 'humidity': 94.34}
2025-02-23 18:31:46,231 INFO Sent data: {'city': 'Winnipeg', 'temperature': 5.03, 'wind_speed': 30.92, 'humidity': 49.68}
2025-02-23 18:31:46,231 INFO Sent data: {'city': 'Vancouver', 'temperature': 22.92, 'wind_speed': 19.72, 'humidity': 65.79}
2025-02-23 18:31:51,232 INFO Sent data: {'city': 'Winnipeg', 'temperature': 6.33, 'wind_speed': 27.93, 'humidity': 62.26}
2025-02-23 18:31:51,233 INFO Sent data: {'city': 'Vancouver', 'temperature': 20.15, 'wind_speed': 11.39, 'humidity': 57.49}
2025-02-23 18:31:56,234 INFO Sent data: {'city': 'Winnipeg', 'temperature': -19.03, 'wind_speed': 30.3, 'humidity': 59.76}
2025-02-23 18:31:56,234 INFO Sent data: {'city': 'Vancouver', 'temperature': 20.54, 'wind_speed': 22.3, 'humidity': 66.05}
2025-02-23 18:32:01,235 INFO Sent data: {'city': 'Winnipeg', 'temperature': -27.55, 'wind_speed': 46.9, 'humidity': 56.06}
2025-02-23 18:32:01,236 INFO Sent data: {'city': 'Vancouver', 'temperature': 12.02, 'wind_speed': 23.26, 'humidity': 36.23}
2025-02-23 18:32:06,236 INFO Sent data: {'city': 'Winnipeg', 'temperature': 10.42, 'wind_speed': 41.28, 'humidity': 22.53}
2025-02-23 18:32:06,237 INFO Sent data: {'city': 'Vancouver', 'temperature': -7.56, 'wind_speed': 13.89, 'humidity': 35.95}
2025-02-23 18:32:11,238 INFO Sent data: {'city': 'Winnipeg', 'temperature': -29.82, 'wind_speed': 8.84, 'humidity': 27.08}
2025-02-23 18:32:11,238 INFO Sent data: {'city': 'Vancouver', 'temperature': 4.65, 'wind_speed': 7.2, 'humidity': 90.01}
2025-02-23 18:32:16,240 INFO Sent data: {'city': 'Winnipeg', 'temperature': 5.58, 'wind_speed': 28.92, 'humidity': 68.27}
2025-02-23 18:32:16,242 INFO Sent data: {'city': 'Vancouver', 'temperature': 8.57, 'wind_speed': 30.0, 'humidity': 86.36}
2025-02-23 18:32:21,244 INFO Sent data: {'city': 'Winnipeg', 'temperature': -6.92, 'wind_speed': 43.47, 'humidity': 36.0}
2025-02-23 18:32:21,245 INFO Sent data: {'city': 'Vancouver', 'temperature': -5.63, 'wind_speed': 8.33, 'humidity': 70.15}
2025-02-23 18:32:26,246 INFO Sent data: {'city': 'Winnipeg', 'temperature': -17.98, 'wind_speed': 19.25, 'humidity': 53.57}
2025-02-23 18:32:26,246 INFO Sent data: {'city': 'Vancouver', 'temperature': 12.84, 'wind_speed': 8.93, 'humidity': 72.11}
2025-02-23 18:32:31,247 INFO Sent data: {'city': 'Winnipeg', 'temperature': -18.6, 'wind_speed': 45.61, 'humidity': 67.25}
2025-02-23 18:32:31,248 INFO Sent data: {'city': 'Vancouver', 'temperature': 0.78, 'wind_speed': 23.9, 'humidity': 41.2}
2025-02-23 18:32:36,249 INFO Sent data: {'city': 'Winnipeg', 'temperature': -24.28, 'wind_speed': 27.53, 'humidity': 45.37}
2025-02-23 18:32:36,249 INFO Sent data: {'city': 'Vancouver', 'temperature': 2.35, 'wind_speed': 28.21, 'humidity': 58.52}
2025-02-23 18:32:41,251 INFO Sent data: {'city': 'Winnipeg', 'temperature': -0.32, 'wind_speed': 37.65, 'humidity': 75.75}
2025-02-23 18:32:41,251 INFO Sent data: {'city': 'Vancouver', 'temperature': -4.44, 'wind_speed': 15.7, 'humidity': 83.69}
2025-02-23 18:32:46,252 INFO Sent data: {'city': 'Winnipeg', 'temperature': -1.44, 'wind_speed': 27.07, 'humidity': 76.24}
2025-02-23 18:32:46,253 INFO Sent data: {'city': 'Vancouver', 'temperature': -9.1, 'wind_speed': 0.08, 'humidity': 92.41}
2025-02-23 18:32:51,254 INFO Sent data: {'city': 'Winnipeg', 'temperature': -28.74, 'wind_speed': 47.57, 'humidity': 41.7}
2025-02-23 18:32:51,256 INFO Sent data: {'city': 'Vancouver', 'temperature': -9.59, 'wind_speed': 12.69, 'humidity': 56.16}
2025-02-23 18:32:56,257 INFO Sent data: {'city': 'Winnipeg', 'temperature': -4.42, 'wind_speed': 0.58, 'humidity': 37.54}
2025-02-23 18:32:56,258 INFO Sent data: {'city': 'Vancouver', 'temperature': -1.96, 'wind_speed': 10.99, 'humidity': 95.52}
2025-02-23 18:33:01,259 INFO Sent data: {'city': 'Winnipeg', 'temperature': 10.72, 'wind_speed': 19.3, 'humidity': 31.4}
2025-02-23 18:33:01,261 INFO Sent data: {'city': 'Vancouver', 'temperature': 15.91, 'wind_speed': 27.65, 'humidity': 86.94}
2025-02-23 18:33:06,263 INFO Sent data: {'city': 'Winnipeg', 'temperature': 21.18, 'wind_speed': 15.12, 'humidity': 58.49}
2025-02-23 18:33:06,263 INFO Sent data: {'city': 'Vancouver', 'temperature': -8.34, 'wind_speed': 5.77, 'humidity': 54.68}
2025-02-23 18:33:11,265 INFO Sent data: {'city': 'Winnipeg', 'temperature': 29.11, 'wind_speed': 10.9, 'humidity': 51.85}
2025-02-23 18:33:11,265 INFO Sent data: {'city': 'Vancouver', 'temperature': -5.97, 'wind_speed': 21.47, 'humidity': 52.07}
2025-02-23 18:33:16,046 INFO Producer stopped by user.
2025-02-23 18:33:16,046 INFO Closing the Kafka producer with 9223372036.0 secs timeout.
2025-02-23 18:33:16,046 INFO <BrokerConnection node_id=0 host=Nitro-ANV15-51:9092 <connected> [IPv4 ('127.0.1.1', 9092)]>: Closing connection. 
